<?xml version="1.0" encoding="UTF-8"?>
<!-- Generated by org.testng.reporters.JUnitXMLReporter -->
<testsuite hostname="MGGG0HH2" ignored="16" name="TestScripts" tests="1" failures="1" timestamp="09 Jan 2018 18:36:15 GMT" time="144.66" errors="0">
  <testcase name="transfers" time="144.637" classname="com.testscripts.Testcases">
    <failure type="org.openqa.selenium.NoSuchElementException" message="no such element (An element could not be located on the page using the given search parameters (XPATH=&amp;apos;//*[@text[starts-with(.,&amp;apos;Good&amp;apos;)]]&amp;apos;))  (WARNING: The server did not provide any stacktrace information)
Command duration or timeout: 0 milliseconds
For documentation on this error, please visit: http://seleniumhq.org/exceptions/no_such_element.html
Build info: version: &amp;apos;3.8.1&amp;apos;, revision: &amp;apos;6e95a6684b&amp;apos;, time: &amp;apos;2017-12-01T18:33:54.468Z&amp;apos;
System info: host: &amp;apos;MGGG0HH2&amp;apos;, ip: &amp;apos;10.149.250.218&amp;apos;, os.name: &amp;apos;Windows 7&amp;apos;, os.arch: &amp;apos;amd64&amp;apos;, os.version: &amp;apos;6.1&amp;apos;, java.version: &amp;apos;1.8.0_152&amp;apos;
Driver info: io.appium.java_client.android.AndroidDriver
Capabilities {appActivity: .MainActivity, appPackage: com.jncb.mobile, autoAcceptAlerts: false, autoDismissAlerts: false, autoWebview: false, desired: {appActivity: .MainActivity, appPackage: com.jncb.mobile, platformName: Android, reportDirectory: reports, reportFormat: xml, testName: Untitled, udid: 0123456789ABCDEF, unicodeKeyboard: True}, device.category: PHONE, device.majorVersion: 5.x, device.manufacture: ZTE, device.model: DIGICEL DL910, device.name: DIGICEL DL910, device.os: Android, device.screenSize: 480x854, device.serialNumber: 0123456789ABCDEF, device.version: 5.0, dontGoHomeOnQuit: false, dontStopAppOnReset: false, fullReset: false, instrumentApp: false, javascriptEnabled: true, keystorePath: ~/.android/debug.keystore, noReset: false, platform: ANDROID, platformName: ANDROID, projectName: , reportDirectory: reports, reportFormat: xml, reportUrl: C:\Users\vermas\appiumstudi..., reservationDuration: 240, testName: Untitled, udid: 0123456789ABCDEF, unicodeKeyboard: True, useKeystore: false, waitForDeviceTimeout: 120000}
Session ID: 76544219-dc9b-4309-894f-ef0f1737d46d
*** Element info: {Using=xpath, value=//*[@text[starts-with(.,&amp;apos;Good&amp;apos;)]]}">
      <![CDATA[org.openqa.selenium.NoSuchElementException: no such element (An element could not be located on the page using the given search parameters (XPATH='//*[@text[starts-with(.,'Good')]]'))  (WARNING: The server did not provide any stacktrace information)Command duration or timeout: 0 millisecondsFor documentation on this error, please visit: http://seleniumhq.org/exceptions/no_such_element.htmlBuild info: version: '3.8.1', revision: '6e95a6684b', time: '2017-12-01T18:33:54.468Z'System info: host: 'MGGG0HH2', ip: '10.149.250.218', os.name: 'Windows 7', os.arch: 'amd64', os.version: '6.1', java.version: '1.8.0_152'Driver info: io.appium.java_client.android.AndroidDriverCapabilities {appActivity: .MainActivity, appPackage: com.jncb.mobile, autoAcceptAlerts: false, autoDismissAlerts: false, autoWebview: false, desired: {appActivity: .MainActivity, appPackage: com.jncb.mobile, platformName: Android, reportDirectory: reports, reportFormat: xml, testName: Untitled, udid: 0123456789ABCDEF, unicodeKeyboard: True}, device.category: PHONE, device.majorVersion: 5.x, device.manufacture: ZTE, device.model: DIGICEL DL910, device.name: DIGICEL DL910, device.os: Android, device.screenSize: 480x854, device.serialNumber: 0123456789ABCDEF, device.version: 5.0, dontGoHomeOnQuit: false, dontStopAppOnReset: false, fullReset: false, instrumentApp: false, javascriptEnabled: true, keystorePath: ~/.android/debug.keystore, noReset: false, platform: ANDROID, platformName: ANDROID, projectName: , reportDirectory: reports, reportFormat: xml, reportUrl: C:\Users\vermas\appiumstudi..., reservationDuration: 240, testName: Untitled, udid: 0123456789ABCDEF, unicodeKeyboard: True, useKeystore: false, waitForDeviceTimeout: 120000}Session ID: 76544219-dc9b-4309-894f-ef0f1737d46d*** Element info: {Using=xpath, value=//*[@text[starts-with(.,'Good')]]}at org.openqa.selenium.remote.ErrorHandler.createThrowable(ErrorHandler.java:214)at org.openqa.selenium.remote.ErrorHandler.throwIfResponseFailed(ErrorHandler.java:166)at org.openqa.selenium.remote.http.JsonHttpResponseCodec.reconstructValue(JsonHttpResponseCodec.java:40)at org.openqa.selenium.remote.http.AbstractHttpResponseCodec.decode(AbstractHttpResponseCodec.java:80)at org.openqa.selenium.remote.http.AbstractHttpResponseCodec.decode(AbstractHttpResponseCodec.java:44)at org.openqa.selenium.remote.HttpCommandExecutor.execute(HttpCommandExecutor.java:164)at io.appium.java_client.remote.AppiumCommandExecutor.execute(AppiumCommandExecutor.java:89)at org.openqa.selenium.remote.RemoteWebDriver.execute(RemoteWebDriver.java:601)at io.appium.java_client.DefaultGenericMobileDriver.execute(DefaultGenericMobileDriver.java:42)at io.appium.java_client.AppiumDriver.execute(AppiumDriver.java:1)at io.appium.java_client.android.AndroidDriver.execute(AndroidDriver.java:1)at org.openqa.selenium.remote.RemoteWebDriver.findElement(RemoteWebDriver.java:371)at io.appium.java_client.DefaultGenericMobileDriver.findElement(DefaultGenericMobileDriver.java:62)at io.appium.java_client.AppiumDriver.findElement(AppiumDriver.java:1)at io.appium.java_client.android.AndroidDriver.findElement(AndroidDriver.java:1)at org.openqa.selenium.remote.RemoteWebDriver.findElementByXPath(RemoteWebDriver.java:473)at io.appium.java_client.DefaultGenericMobileDriver.findElementByXPath(DefaultGenericMobileDriver.java:140)at io.appium.java_client.AppiumDriver.findElementByXPath(AppiumDriver.java:1)at io.appium.java_client.android.AndroidDriver.findElementByXPath(AndroidDriver.java:1)at org.openqa.selenium.By$ByXPath.findElement(By.java:361)at org.openqa.selenium.remote.RemoteWebDriver.findElement(RemoteWebDriver.java:363)at io.appium.java_client.DefaultGenericMobileDriver.findElement(DefaultGenericMobileDriver.java:58)at io.appium.java_client.AppiumDriver.findElement(AppiumDriver.java:1)at io.appium.java_client.android.AndroidDriver.findElement(AndroidDriver.java:1)at com.library.Common.webElementId(Common.java:89)at com.library.Common.getText(Common.java:236)at com.businessfunctions.ViewAccounts.transferButtonOnAccountDetailsPage(ViewAccounts.java:54)at com.testscripts.Testcases.transfers(Testcases.java:282)... Removed 29 stack frames]]>
    </failure>
  </testcase> <!-- transfers -->
  <testcase name="logOutButton" time="0.0" classname="com.testscripts.Testcases">
    <ignored/>
  </testcase> <!-- logOutButton -->
  <testcase name="verifyHomepageNoAccounts" time="0.0" classname="com.testscripts.Testcases">
    <ignored/>
  </testcase> <!-- verifyHomepageNoAccounts -->
  <testcase name="loginWithEmptyData" time="0.0" classname="com.testscripts.Testcases">
    <ignored/>
  </testcase> <!-- loginWithEmptyData -->
  <testcase name="loginWithValidTestdata" time="0.0" classname="com.testscripts.Testcases">
    <ignored/>
  </testcase> <!-- loginWithValidTestdata -->
  <testcase name="zeroLoanBalanceDetails" time="0.0" classname="com.testscripts.Testcases">
    <ignored/>
  </testcase> <!-- zeroLoanBalanceDetails -->
  <testcase name="loginWithInvalidUsername" time="0.0" classname="com.testscripts.Testcases">
    <ignored/>
  </testcase> <!-- loginWithInvalidUsername -->
  <testcase name="loginWithInvalidPassword" time="0.0" classname="com.testscripts.Testcases">
    <ignored/>
  </testcase> <!-- loginWithInvalidPassword -->
  <testcase name="feedBackButton" time="0.0" classname="com.testscripts.Testcases">
    <ignored/>
  </testcase> <!-- feedBackButton -->
  <testcase name="showTenTransaction" time="0.0" classname="com.testscripts.Testcases">
    <ignored/>
  </testcase> <!-- showTenTransaction -->
  <testcase name="passwordRetry" time="0.0" classname="com.testscripts.Testcases">
    <ignored/>
  </testcase> <!-- passwordRetry -->
  <testcase name="savingsBalanceBreakdown" time="0.0" classname="com.testscripts.Testcases">
    <ignored/>
  </testcase> <!-- savingsBalanceBreakdown -->
  <testcase name="verifyHomepageOneAccount" time="0.0" classname="com.testscripts.Testcases">
    <ignored/>
  </testcase> <!-- verifyHomepageOneAccount -->
  <testcase name="verifyHomepageAllAccounts" time="0.0" classname="com.testscripts.Testcases">
    <ignored/>
  </testcase> <!-- verifyHomepageAllAccounts -->
  <testcase name="withLoanBalanceDetails" time="0.0" classname="com.testscripts.Testcases">
    <ignored/>
  </testcase> <!-- withLoanBalanceDetails -->
  <testcase name="termsAndConditions" time="0.0" classname="com.testscripts.Testcases">
    <ignored/>
  </testcase> <!-- termsAndConditions -->
  <testcase name="animation" time="0.0" classname="com.testscripts.Testcases">
    <ignored/>
  </testcase> <!-- animation -->
</testsuite> <!-- TestScripts -->
