<?xml version="1.0" encoding="UTF-8"?>
<!-- Generated by org.testng.reporters.JUnitXMLReporter -->
<testsuite hostname="MGGG0HH2" ignored="15" name="TestScripts2" tests="1" failures="0" timestamp="27 Dec 2017 15:18:20 GMT" time="89.031" errors="0">
  <testcase name="savingsBalanceBreakdown" time="89.019" classname="com.testscripts.Testcases"/>
  <testcase name="LoginWithValidTestdata" time="0.0" classname="com.testscripts.Testcases">
    <ignored/>
  </testcase> <!-- LoginWithValidTestdata -->
  <testcase name="verifyHomepageNoAccounts" time="0.0" classname="com.testscripts.Testcases">
    <ignored/>
  </testcase> <!-- verifyHomepageNoAccounts -->
  <testcase name="LoginWithEmptyData" time="0.0" classname="com.testscripts.Testcases">
    <ignored/>
  </testcase> <!-- LoginWithEmptyData -->
  <testcase name="ShowTenTransaction" time="0.0" classname="com.testscripts.Testcases">
    <ignored/>
  </testcase> <!-- ShowTenTransaction -->
  <testcase name="zeroLoanBalanceDetails" time="0.0" classname="com.testscripts.Testcases">
    <ignored/>
  </testcase> <!-- zeroLoanBalanceDetails -->
  <testcase name="PasswordRetry" time="0.0" classname="com.testscripts.Testcases">
    <ignored/>
  </testcase> <!-- PasswordRetry -->
  <testcase name="verifyHomepageOneAccount" time="0.0" classname="com.testscripts.Testcases">
    <ignored/>
  </testcase> <!-- verifyHomepageOneAccount -->
  <testcase name="FeedBackButton" time="0.0" classname="com.testscripts.Testcases">
    <ignored/>
  </testcase> <!-- FeedBackButton -->
  <testcase name="verifyHomepageAllAccounts" time="0.0" classname="com.testscripts.Testcases">
    <ignored/>
  </testcase> <!-- verifyHomepageAllAccounts -->
  <testcase name="LogOutButton" time="0.0" classname="com.testscripts.Testcases">
    <ignored/>
  </testcase> <!-- LogOutButton -->
  <testcase name="LoginWithInvalidPassword" time="0.0" classname="com.testscripts.Testcases">
    <ignored/>
  </testcase> <!-- LoginWithInvalidPassword -->
  <testcase name="withLoanBalanceDetails" time="0.0" classname="com.testscripts.Testcases">
    <ignored/>
  </testcase> <!-- withLoanBalanceDetails -->
  <testcase name="LoginWithInvalidUsername" time="0.0" classname="com.testscripts.Testcases">
    <ignored/>
  </testcase> <!-- LoginWithInvalidUsername -->
  <testcase name="termsAndConditions" time="0.0" classname="com.testscripts.Testcases">
    <ignored/>
  </testcase> <!-- termsAndConditions -->
  <testcase name="animation" time="0.0" classname="com.testscripts.Testcases">
    <ignored/>
  </testcase> <!-- animation -->
</testsuite> <!-- TestScripts2 -->
