<?xml version="1.0" encoding="UTF-8"?>
<!-- Generated by org.testng.reporters.JUnitXMLReporter -->
<testsuite hostname="MGGG0HH2" ignored="12" name="TestScripts" tests="1" failures="0" timestamp="11 Dec 2017 22:35:10 GMT" time="163.861" errors="0">
  <testcase name="LogOutButton" time="163.842" classname="com.testscripts.Testcases"/>
  <testcase name="LoginWithValidTestdata" time="0.0" classname="com.testscripts.Testcases">
    <ignored/>
  </testcase> <!-- LoginWithValidTestdata -->
  <testcase name="PasswordRetry" time="0.0" classname="com.testscripts.Testcases">
    <ignored/>
  </testcase> <!-- PasswordRetry -->
  <testcase name="savingsBalanceBreakdown" time="0.0" classname="com.testscripts.Testcases">
    <ignored/>
  </testcase> <!-- savingsBalanceBreakdown -->
  <testcase name="verifyHomepageOneAccount" time="0.0" classname="com.testscripts.Testcases">
    <ignored/>
  </testcase> <!-- verifyHomepageOneAccount -->
  <testcase name="verifyHomepageNoAccounts" time="0.0" classname="com.testscripts.Testcases">
    <ignored/>
  </testcase> <!-- verifyHomepageNoAccounts -->
  <testcase name="verifyHomepageAllAccounts" time="0.0" classname="com.testscripts.Testcases">
    <ignored/>
  </testcase> <!-- verifyHomepageAllAccounts -->
  <testcase name="LoginWithInvalidPassword" time="0.0" classname="com.testscripts.Testcases">
    <ignored/>
  </testcase> <!-- LoginWithInvalidPassword -->
  <testcase name="LoginWithEmptyData" time="0.0" classname="com.testscripts.Testcases">
    <ignored/>
  </testcase> <!-- LoginWithEmptyData -->
  <testcase name="withLoanBalanceDetails" time="0.0" classname="com.testscripts.Testcases">
    <ignored/>
  </testcase> <!-- withLoanBalanceDetails -->
  <testcase name="ShowTenTransaction" time="0.0" classname="com.testscripts.Testcases">
    <ignored/>
  </testcase> <!-- ShowTenTransaction -->
  <testcase name="zeroLoanBalanceDetails" time="0.0" classname="com.testscripts.Testcases">
    <ignored/>
  </testcase> <!-- zeroLoanBalanceDetails -->
  <testcase name="LoginWithInvalidUsername" time="0.0" classname="com.testscripts.Testcases">
    <ignored/>
  </testcase> <!-- LoginWithInvalidUsername -->
</testsuite> <!-- TestScripts -->
