<?xml version="1.0" encoding="UTF-8"?>
<!-- Generated by org.testng.reporters.JUnitXMLReporter -->
<testsuite hostname="MGGG0HH2" ignored="15" name="TestScripts1" tests="1" failures="1" timestamp="27 Dec 2017 15:16:51 GMT" time="0.034" errors="0">
  <testcase name="savingsBalanceBreakdown" time="0.014" classname="com.testscripts.Testcases">
    <failure type="java.lang.NullPointerException">
      <![CDATA[java.lang.NullPointerException
	at java.util.TreeMap.rotateLeft(TreeMap.java:2224)
	at java.util.TreeMap.fixAfterInsertion(TreeMap.java:2291)
	at java.util.TreeMap.put(TreeMap.java:582)
	at org.openqa.selenium.AbstractCapabilities.setCapability(AbstractCapabilities.java:97)
	at org.openqa.selenium.MutableCapabilities.setCapability(MutableCapabilities.java:101)
	at org.openqa.selenium.MutableCapabilities.setCapability(MutableCapabilities.java:84)
	at com.library.Common.setUp(Common.java:48)
	at com.testscripts.Testcases.savingsBalanceBreakdown(Testcases.java:182)
	at java.util.concurrent.FutureTask.run(FutureTask.java:266)
	at java.util.concurrent.ThreadPoolExecutor.runWorker(ThreadPoolExecutor.java:1149)
	at java.util.concurrent.ThreadPoolExecutor$Worker.run(ThreadPoolExecutor.java:624)
	at java.lang.Thread.run(Thread.java:748)
... Removed 16 stack frames]]>
    </failure>
  </testcase> <!-- savingsBalanceBreakdown -->
  <testcase name="LoginWithValidTestdata" time="0.0" classname="com.testscripts.Testcases">
    <ignored/>
  </testcase> <!-- LoginWithValidTestdata -->
  <testcase name="verifyHomepageNoAccounts" time="0.0" classname="com.testscripts.Testcases">
    <ignored/>
  </testcase> <!-- verifyHomepageNoAccounts -->
  <testcase name="LoginWithEmptyData" time="0.0" classname="com.testscripts.Testcases">
    <ignored/>
  </testcase> <!-- LoginWithEmptyData -->
  <testcase name="ShowTenTransaction" time="0.0" classname="com.testscripts.Testcases">
    <ignored/>
  </testcase> <!-- ShowTenTransaction -->
  <testcase name="zeroLoanBalanceDetails" time="0.0" classname="com.testscripts.Testcases">
    <ignored/>
  </testcase> <!-- zeroLoanBalanceDetails -->
  <testcase name="PasswordRetry" time="0.0" classname="com.testscripts.Testcases">
    <ignored/>
  </testcase> <!-- PasswordRetry -->
  <testcase name="verifyHomepageOneAccount" time="0.0" classname="com.testscripts.Testcases">
    <ignored/>
  </testcase> <!-- verifyHomepageOneAccount -->
  <testcase name="FeedBackButton" time="0.0" classname="com.testscripts.Testcases">
    <ignored/>
  </testcase> <!-- FeedBackButton -->
  <testcase name="verifyHomepageAllAccounts" time="0.0" classname="com.testscripts.Testcases">
    <ignored/>
  </testcase> <!-- verifyHomepageAllAccounts -->
  <testcase name="LogOutButton" time="0.0" classname="com.testscripts.Testcases">
    <ignored/>
  </testcase> <!-- LogOutButton -->
  <testcase name="LoginWithInvalidPassword" time="0.0" classname="com.testscripts.Testcases">
    <ignored/>
  </testcase> <!-- LoginWithInvalidPassword -->
  <testcase name="withLoanBalanceDetails" time="0.0" classname="com.testscripts.Testcases">
    <ignored/>
  </testcase> <!-- withLoanBalanceDetails -->
  <testcase name="LoginWithInvalidUsername" time="0.0" classname="com.testscripts.Testcases">
    <ignored/>
  </testcase> <!-- LoginWithInvalidUsername -->
  <testcase name="termsAndConditions" time="0.0" classname="com.testscripts.Testcases">
    <ignored/>
  </testcase> <!-- termsAndConditions -->
  <testcase name="animation" time="0.0" classname="com.testscripts.Testcases">
    <ignored/>
  </testcase> <!-- animation -->
</testsuite> <!-- TestScripts1 -->
