<?xml version="1.0" encoding="UTF-8"?>
<!-- Generated by org.testng.reporters.JUnitXMLReporter -->
<testsuite hostname="MGGG0HH2" ignored="54" name="TestScripts" tests="5" failures="0" timestamp="11 Jul 2018 19:32:18 GMT" time="241.951" errors="0">
  <testcase name="loginWithEmptyData" time="53.529" classname="com.testscripts.TestCases"/>
  <testcase name="loginWithValidTestData" time="47.985" classname="com.testscripts.TestCases"/>
  <testcase name="loginWithInvalidUsername" time="37.053" classname="com.testscripts.TestCases"/>
  <testcase name="loginWithInvalidPassword" time="51.239" classname="com.testscripts.TestCases"/>
  <testcase name="passwordRetry" time="52.066" classname="com.testscripts.TestCases"/>
  <testcase name="creditCarddetails" time="0.0" classname="com.testscripts.TestCases">
    <ignored/>
  </testcase> <!-- creditCarddetails -->
  <testcase name="meToyouErrChequing" time="0.0" classname="com.testscripts.TestCases">
    <ignored/>
  </testcase> <!-- meToyouErrChequing -->
  <testcase name="verifyHomepageNoAccounts" time="0.0" classname="com.testscripts.TestCases">
    <ignored/>
  </testcase> <!-- verifyHomepageNoAccounts -->
  <testcase name="logOutButton" time="0.0" classname="com.testscripts.TestCases">
    <ignored/>
  </testcase> <!-- logOutButton -->
  <testcase name="errorHandlingMeToMeRestriction" time="0.0" classname="com.testscripts.TestCases">
    <ignored/>
  </testcase> <!-- errorHandlingMeToMeRestriction -->
  <testcase name="zeroLoanBalanceDetails" time="0.0" classname="com.testscripts.TestCases">
    <ignored/>
  </testcase> <!-- zeroLoanBalanceDetails -->
  <testcase name="loginWithoutRSAgettoken" time="0.0" classname="com.testscripts.TestCases">
    <ignored/>
  </testcase> <!-- loginWithoutRSAgettoken -->
  <testcase name="meToMeTransferFromSavingsSummaryPage" time="0.0" classname="com.testscripts.TestCases">
    <ignored/>
  </testcase> <!-- meToMeTransferFromSavingsSummaryPage -->
  <testcase name="withSavingsBalanceDetails" time="0.0" classname="com.testscripts.TestCases">
    <ignored/>
  </testcase> <!-- withSavingsBalanceDetails -->
  <testcase name="billPaymentFromChequingsSummaryPage" time="0.0" classname="com.testscripts.TestCases">
    <ignored/>
  </testcase> <!-- billPaymentFromChequingsSummaryPage -->
  <testcase name="endToEndMeToMeTransfer" time="0.0" classname="com.testscripts.TestCases">
    <ignored/>
  </testcase> <!-- endToEndMeToMeTransfer -->
  <testcase name="billPaymentFromChequingsListPage" time="0.0" classname="com.testscripts.TestCases">
    <ignored/>
  </testcase> <!-- billPaymentFromChequingsListPage -->
  <testcase name="billPaymentaddPayeeCancel" time="0.0" classname="com.testscripts.TestCases">
    <ignored/>
  </testcase> <!-- billPaymentaddPayeeCancel -->
  <testcase name="addBeneficiaryUsingOtpCancel" time="0.0" classname="com.testscripts.TestCases">
    <ignored/>
  </testcase> <!-- addBeneficiaryUsingOtpCancel -->
  <testcase name="billPaymentFromSavingsListPage" time="0.0" classname="com.testscripts.TestCases">
    <ignored/>
  </testcase> <!-- billPaymentFromSavingsListPage -->
  <testcase name="showFiftyTransaction" time="0.0" classname="com.testscripts.TestCases">
    <ignored/>
  </testcase> <!-- showFiftyTransaction -->
  <testcase name="errorHandlingMeToYouOopsMessage" time="0.0" classname="com.testscripts.TestCases">
    <ignored/>
  </testcase> <!-- errorHandlingMeToYouOopsMessage -->
  <testcase name="withLoanBalanceDetails" time="0.0" classname="com.testscripts.TestCases">
    <ignored/>
  </testcase> <!-- withLoanBalanceDetails -->
  <testcase name="addBeneficiaryPersonal" time="0.0" classname="com.testscripts.TestCases">
    <ignored/>
  </testcase> <!-- addBeneficiaryPersonal -->
  <testcase name="transfers" time="0.0" classname="com.testscripts.TestCases">
    <ignored/>
  </testcase> <!-- transfers -->
  <testcase name="meToMeTransferFromSavingsListPage" time="0.0" classname="com.testscripts.TestCases">
    <ignored/>
  </testcase> <!-- meToMeTransferFromSavingsListPage -->
  <testcase name="errorHandlingMeToMeOopsMessage" time="0.0" classname="com.testscripts.TestCases">
    <ignored/>
  </testcase> <!-- errorHandlingMeToMeOopsMessage -->
  <testcase name="feedBackButton" time="0.0" classname="com.testscripts.TestCases">
    <ignored/>
  </testcase> <!-- feedBackButton -->
  <testcase name="errorHandlingMeToMeBalanceAndExceed" time="0.0" classname="com.testscripts.TestCases">
    <ignored/>
  </testcase> <!-- errorHandlingMeToMeBalanceAndExceed -->
  <testcase name="noBillPayee" time="0.0" classname="com.testscripts.TestCases">
    <ignored/>
  </testcase> <!-- noBillPayee -->
  <testcase name="meToMeTransferFromChequingsSummaryPage" time="0.0" classname="com.testscripts.TestCases">
    <ignored/>
  </testcase> <!-- meToMeTransferFromChequingsSummaryPage -->
  <testcase name="billPaymentFromChequingSummaryPageErmsg" time="0.0" classname="com.testscripts.TestCases">
    <ignored/>
  </testcase> <!-- billPaymentFromChequingSummaryPageErmsg -->
  <testcase name="termsAndConditions" time="0.0" classname="com.testscripts.TestCases">
    <ignored/>
  </testcase> <!-- termsAndConditions -->
  <testcase name="dailyLmtExceedmsgMetoMetransferSavings" time="0.0" classname="com.testscripts.TestCases">
    <ignored/>
  </testcase> <!-- dailyLmtExceedmsgMetoMetransferSavings -->
  <testcase name="meToYouTransfer" time="0.0" classname="com.testscripts.TestCases">
    <ignored/>
  </testcase> <!-- meToYouTransfer -->
  <testcase name="billPaymentFromSavingsSummaryPageErmsg" time="0.0" classname="com.testscripts.TestCases">
    <ignored/>
  </testcase> <!-- billPaymentFromSavingsSummaryPageErmsg -->
  <testcase name="payBillsCreditCardCancelModal" time="0.0" classname="com.testscripts.TestCases">
    <ignored/>
  </testcase> <!-- payBillsCreditCardCancelModal -->
  <testcase name="verifyHomepageAllAccounts" time="0.0" classname="com.testscripts.TestCases">
    <ignored/>
  </testcase> <!-- verifyHomepageAllAccounts -->
  <testcase name="verifyTransferLimitsMetoYou" time="0.0" classname="com.testscripts.TestCases">
    <ignored/>
  </testcase> <!-- verifyTransferLimitsMetoYou -->
  <testcase name="creditCardRestrictedPayee" time="0.0" classname="com.testscripts.TestCases">
    <ignored/>
  </testcase> <!-- creditCardRestrictedPayee -->
  <testcase name="animation" time="0.0" classname="com.testscripts.TestCases">
    <ignored/>
  </testcase> <!-- animation -->
  <testcase name="addBeneficiaryBusiness" time="0.0" classname="com.testscripts.TestCases">
    <ignored/>
  </testcase> <!-- addBeneficiaryBusiness -->
  <testcase name="meToyouErrSavings" time="0.0" classname="com.testscripts.TestCases">
    <ignored/>
  </testcase> <!-- meToyouErrSavings -->
  <testcase name="endToEndMeToYouTransfer" time="0.0" classname="com.testscripts.TestCases">
    <ignored/>
  </testcase> <!-- endToEndMeToYouTransfer -->
  <testcase name="billPaymentaddPayee" time="0.0" classname="com.testscripts.TestCases">
    <ignored/>
  </testcase> <!-- billPaymentaddPayee -->
  <testcase name="loginWithoutRSA" time="0.0" classname="com.testscripts.TestCases">
    <ignored/>
  </testcase> <!-- loginWithoutRSA -->
  <testcase name="dailyLmtExceedmsgMetoMetransferChequing" time="0.0" classname="com.testscripts.TestCases">
    <ignored/>
  </testcase> <!-- dailyLmtExceedmsgMetoMetransferChequing -->
  <testcase name="errorHandlingMeToYouBalanceAndExceed" time="0.0" classname="com.testscripts.TestCases">
    <ignored/>
  </testcase> <!-- errorHandlingMeToYouBalanceAndExceed -->
  <testcase name="ErrHandlingbillPaymentaddPayee" time="0.0" classname="com.testscripts.TestCases">
    <ignored/>
  </testcase> <!-- ErrHandlingbillPaymentaddPayee -->
  <testcase name="verifyHomepageOneAccount" time="0.0" classname="com.testscripts.TestCases">
    <ignored/>
  </testcase> <!-- verifyHomepageOneAccount -->
  <testcase name="verifyTransferLimitsMetoMe" time="0.0" classname="com.testscripts.TestCases">
    <ignored/>
  </testcase> <!-- verifyTransferLimitsMetoMe -->
  <testcase name="creditCardonHome" time="0.0" classname="com.testscripts.TestCases">
    <ignored/>
  </testcase> <!-- creditCardonHome -->
  <testcase name="errorHandlingMeToYouRestriction" time="0.0" classname="com.testscripts.TestCases">
    <ignored/>
  </testcase> <!-- errorHandlingMeToYouRestriction -->
  <testcase name="meToMeTransferFromChequingsListPage" time="0.0" classname="com.testscripts.TestCases">
    <ignored/>
  </testcase> <!-- meToMeTransferFromChequingsListPage -->
  <testcase name="addBeneficiaryWithOTP" time="0.0" classname="com.testscripts.TestCases">
    <ignored/>
  </testcase> <!-- addBeneficiaryWithOTP -->
  <testcase name="Payments" time="0.0" classname="com.testscripts.TestCases">
    <ignored/>
  </testcase> <!-- Payments -->
  <testcase name="backButtons" time="0.0" classname="com.testscripts.TestCases">
    <ignored/>
  </testcase> <!-- backButtons -->
  <testcase name="billPaymentFromSavingsSummaryPage" time="0.0" classname="com.testscripts.TestCases">
    <ignored/>
  </testcase> <!-- billPaymentFromSavingsSummaryPage -->
  <testcase name="payBillsCreditCard" time="0.0" classname="com.testscripts.TestCases">
    <ignored/>
  </testcase> <!-- payBillsCreditCard -->
</testsuite> <!-- TestScripts -->
