<?xml version="1.0" encoding="UTF-8"?>
<testng-results skipped="0" failed="0" ignored="54" total="59" passed="5">
  <reporter-output>
  </reporter-output>
  <suite name="Automation" duration-ms="241951" started-at="2018-07-11T19:28:16Z" finished-at="2018-07-11T19:32:18Z">
    <groups>
    </groups>
    <test name="TestScripts" duration-ms="241951" started-at="2018-07-11T19:28:16Z" finished-at="2018-07-11T19:32:18Z">
      <class name="com.testscripts.TestCases">
        <test-method status="PASS" signature="openApp()[pri:0, instance:com.testscripts.TestCases@6fb0d3ed]" name="openApp" is-config="true" duration-ms="95785" started-at="2018-07-11T19:26:40Z" finished-at="2018-07-11T19:28:16Z">
          <reporter-output>
          </reporter-output>
        </test-method> <!-- openApp -->
        <test-method status="PASS" signature="loginWithEmptyData()[pri:0, instance:com.testscripts.TestCases@6fb0d3ed]" name="loginWithEmptyData" duration-ms="53529" started-at="2018-07-11T19:28:16Z" finished-at="2018-07-11T19:29:10Z">
          <reporter-output>
          </reporter-output>
        </test-method> <!-- loginWithEmptyData -->
        <test-method status="PASS" signature="loginWithValidTestData()[pri:0, instance:com.testscripts.TestCases@6fb0d3ed]" name="loginWithValidTestData" duration-ms="47985" started-at="2018-07-11T19:29:10Z" finished-at="2018-07-11T19:29:58Z">
          <reporter-output>
          </reporter-output>
        </test-method> <!-- loginWithValidTestData -->
        <test-method status="PASS" signature="loginWithInvalidUsername()[pri:0, instance:com.testscripts.TestCases@6fb0d3ed]" name="loginWithInvalidUsername" duration-ms="37053" started-at="2018-07-11T19:29:58Z" finished-at="2018-07-11T19:30:35Z">
          <reporter-output>
          </reporter-output>
        </test-method> <!-- loginWithInvalidUsername -->
        <test-method status="PASS" signature="loginWithInvalidPassword()[pri:0, instance:com.testscripts.TestCases@6fb0d3ed]" name="loginWithInvalidPassword" duration-ms="51239" started-at="2018-07-11T19:30:35Z" finished-at="2018-07-11T19:31:26Z">
          <reporter-output>
          </reporter-output>
        </test-method> <!-- loginWithInvalidPassword -->
        <test-method status="PASS" signature="passwordRetry()[pri:0, instance:com.testscripts.TestCases@6fb0d3ed]" name="passwordRetry" duration-ms="52066" started-at="2018-07-11T19:31:26Z" finished-at="2018-07-11T19:32:18Z">
          <reporter-output>
          </reporter-output>
        </test-method> <!-- passwordRetry -->
        <test-method status="PASS" signature="closeApp()[pri:0, instance:com.testscripts.TestCases@6fb0d3ed]" name="closeApp" is-config="true" duration-ms="4216" started-at="2018-07-11T19:32:18Z" finished-at="2018-07-11T19:32:22Z">
          <reporter-output>
          </reporter-output>
        </test-method> <!-- closeApp -->
      </class> <!-- com.testscripts.TestCases -->
    </test> <!-- TestScripts -->
  </suite> <!-- Automation -->
</testng-results>
