<?xml version="1.0" encoding="UTF-8"?>
<!-- Generated by org.testng.reporters.JUnitXMLReporter -->
<testsuite hostname="MGGG0HH2" ignored="0" name="Default test" tests="33" failures="33" timestamp="02 Feb 2018 20:30:09 GMT" time="281.452" errors="0">
  <testcase name="addBeneficiaryBusiness" time="124.535" classname="com.testscripts.TestCases">
    <failure type="org.openqa.selenium.NoSuchElementException" message="no such element (An element could not be located on the page using the given search parameters (NAME=&amp;apos;accountnumber&amp;apos;))  (WARNING: The server did not provide any stacktrace information)
Command duration or timeout: 0 milliseconds
For documentation on this error, please visit: http://seleniumhq.org/exceptions/no_such_element.html
Build info: version: &amp;apos;3.8.1&amp;apos;, revision: &amp;apos;6e95a6684b&amp;apos;, time: &amp;apos;2017-12-01T18:33:54.468Z&amp;apos;
System info: host: &amp;apos;MGGG0HH2&amp;apos;, ip: &amp;apos;10.149.250.196&amp;apos;, os.name: &amp;apos;Windows 7&amp;apos;, os.arch: &amp;apos;amd64&amp;apos;, os.version: &amp;apos;6.1&amp;apos;, java.version: &amp;apos;1.8.0_152&amp;apos;
Driver info: io.appium.java_client.android.AndroidDriver
Capabilities {appActivity: .MainActivity, appPackage: com.jncb.mobile, autoAcceptAlerts: false, autoDismissAlerts: false, autoWebview: false, desired: {appActivity: .MainActivity, appPackage: com.jncb.mobile, platformName: Android, reportDirectory: reports, reportFormat: xml, testName: Untitled, udid: 0123456789ABCDEF, unicodeKeyboard: True}, device.category: PHONE, device.majorVersion: 5.x, device.manufacture: ZTE, device.model: DIGICEL DL910, device.name: DIGICEL DL910, device.os: Android, device.screenSize: 480x854, device.serialNumber: 0123456789ABCDEF, device.version: 5.0, dontGoHomeOnQuit: false, dontStopAppOnReset: false, fullReset: false, instrumentApp: false, javascriptEnabled: true, keystorePath: ~/.android/debug.keystore, noReset: false, platform: ANDROID, platformName: ANDROID, projectName: , reportDirectory: reports, reportFormat: xml, reportUrl: C:\Users\vermas\appiumstudi..., reservationDuration: 240, testName: Untitled, udid: 0123456789ABCDEF, unicodeKeyboard: True, useKeystore: false, waitForDeviceTimeout: 120000}
Session ID: 175f4809-1809-477b-b799-61d97d625208
*** Element info: {Using=name, value=accountnumber}">
      <![CDATA[org.openqa.selenium.NoSuchElementException: no such element (An element could not be located on the page using the given search parameters (NAME='accountnumber'))  (WARNING: The server did not provide any stacktrace information)Command duration or timeout: 0 millisecondsFor documentation on this error, please visit: http://seleniumhq.org/exceptions/no_such_element.htmlBuild info: version: '3.8.1', revision: '6e95a6684b', time: '2017-12-01T18:33:54.468Z'System info: host: 'MGGG0HH2', ip: '10.149.250.196', os.name: 'Windows 7', os.arch: 'amd64', os.version: '6.1', java.version: '1.8.0_152'Driver info: io.appium.java_client.android.AndroidDriverCapabilities {appActivity: .MainActivity, appPackage: com.jncb.mobile, autoAcceptAlerts: false, autoDismissAlerts: false, autoWebview: false, desired: {appActivity: .MainActivity, appPackage: com.jncb.mobile, platformName: Android, reportDirectory: reports, reportFormat: xml, testName: Untitled, udid: 0123456789ABCDEF, unicodeKeyboard: True}, device.category: PHONE, device.majorVersion: 5.x, device.manufacture: ZTE, device.model: DIGICEL DL910, device.name: DIGICEL DL910, device.os: Android, device.screenSize: 480x854, device.serialNumber: 0123456789ABCDEF, device.version: 5.0, dontGoHomeOnQuit: false, dontStopAppOnReset: false, fullReset: false, instrumentApp: false, javascriptEnabled: true, keystorePath: ~/.android/debug.keystore, noReset: false, platform: ANDROID, platformName: ANDROID, projectName: , reportDirectory: reports, reportFormat: xml, reportUrl: C:\Users\vermas\appiumstudi..., reservationDuration: 240, testName: Untitled, udid: 0123456789ABCDEF, unicodeKeyboard: True, useKeystore: false, waitForDeviceTimeout: 120000}Session ID: 175f4809-1809-477b-b799-61d97d625208*** Element info: {Using=name, value=accountnumber}at sun.reflect.NativeConstructorAccessorImpl.newInstance0(Native Method)at sun.reflect.NativeConstructorAccessorImpl.newInstance(NativeConstructorAccessorImpl.java:62)at sun.reflect.DelegatingConstructorAccessorImpl.newInstance(DelegatingConstructorAccessorImpl.java:45)at java.lang.reflect.Constructor.newInstance(Constructor.java:423)at org.openqa.selenium.remote.ErrorHandler.createThrowable(ErrorHandler.java:214)at org.openqa.selenium.remote.ErrorHandler.throwIfResponseFailed(ErrorHandler.java:166)at org.openqa.selenium.remote.http.JsonHttpResponseCodec.reconstructValue(JsonHttpResponseCodec.java:40)at org.openqa.selenium.remote.http.AbstractHttpResponseCodec.decode(AbstractHttpResponseCodec.java:80)at org.openqa.selenium.remote.http.AbstractHttpResponseCodec.decode(AbstractHttpResponseCodec.java:44)at org.openqa.selenium.remote.HttpCommandExecutor.execute(HttpCommandExecutor.java:164)at io.appium.java_client.remote.AppiumCommandExecutor.execute(AppiumCommandExecutor.java:89)at org.openqa.selenium.remote.RemoteWebDriver.execute(RemoteWebDriver.java:601)at io.appium.java_client.DefaultGenericMobileDriver.execute(DefaultGenericMobileDriver.java:42)at io.appium.java_client.AppiumDriver.execute(AppiumDriver.java:1)at io.appium.java_client.android.AndroidDriver.execute(AndroidDriver.java:1)at org.openqa.selenium.remote.RemoteWebDriver.findElement(RemoteWebDriver.java:371)at io.appium.java_client.DefaultGenericMobileDriver.findElement(DefaultGenericMobileDriver.java:62)at io.appium.java_client.AppiumDriver.findElement(AppiumDriver.java:1)at io.appium.java_client.android.AndroidDriver.findElement(AndroidDriver.java:1)at org.openqa.selenium.remote.RemoteWebDriver.findElementByName(RemoteWebDriver.java:449)at io.appium.java_client.DefaultGenericMobileDriver.findElementByName(DefaultGenericMobileDriver.java:110)at io.appium.java_client.AppiumDriver.findElementByName(AppiumDriver.java:1)at io.appium.java_client.android.AndroidDriver.findElementByName(AndroidDriver.java:1)at org.openqa.selenium.By$ByName.findElement(By.java:303)at org.openqa.selenium.remote.RemoteWebDriver.findElement(RemoteWebDriver.java:363)at io.appium.java_client.DefaultGenericMobileDriver.findElement(DefaultGenericMobileDriver.java:58)at io.appium.java_client.AppiumDriver.findElement(AppiumDriver.java:1)at io.appium.java_client.android.AndroidDriver.findElement(AndroidDriver.java:1)at com.library.Common.webElementId(Common.java:77)at com.library.Common.click(Common.java:153)at com.businessfunctions.TransferPage.blankbeneficiaryPageBusiness(TransferPage.java:404)at com.testscripts.TestCases.addBeneficiaryBusiness(TestCases.java:407)at sun.reflect.NativeMethodAccessorImpl.invoke0(Native Method)at sun.reflect.NativeMethodAccessorImpl.invoke(NativeMethodAccessorImpl.java:62)at sun.reflect.DelegatingMethodAccessorImpl.invoke(DelegatingMethodAccessorImpl.java:43)at java.lang.reflect.Method.invoke(Method.java:498)at org.testng.internal.MethodInvocationHelper.invokeMethod(MethodInvocationHelper.java:124)at org.testng.internal.Invoker.invokeMethod(Invoker.java:571)at org.testng.internal.Invoker.invokeTestMethod(Invoker.java:707)at org.testng.internal.Invoker.invokeTestMethods(Invoker.java:979)at org.testng.internal.TestMethodWorker.invokeTestMethods(TestMethodWorker.java:125)at org.testng.internal.TestMethodWorker.run(TestMethodWorker.java:109)at org.testng.TestRunner.privateRun(TestRunner.java:648)at org.testng.TestRunner.run(TestRunner.java:505)at org.testng.SuiteRunner.runTest(SuiteRunner.java:455)at org.testng.SuiteRunner.runSequentially(SuiteRunner.java:450)at org.testng.SuiteRunner.privateRun(SuiteRunner.java:415)at org.testng.SuiteRunner.run(SuiteRunner.java:364)at org.testng.SuiteRunnerWorker.runSuite(SuiteRunnerWorker.java:52)at org.testng.SuiteRunnerWorker.run(SuiteRunnerWorker.java:84)at org.testng.TestNG.runSuitesSequentially(TestNG.java:1187)at org.testng.TestNG.runSuitesLocally(TestNG.java:1116)at org.testng.TestNG.runSuites(TestNG.java:1028)at org.testng.TestNG.run(TestNG.java:996)at org.testng.remote.AbstractRemoteTestNG.run(AbstractRemoteTestNG.java:114)at org.testng.remote.RemoteTestNG.initAndRun(RemoteTestNG.java:251)at org.testng.remote.RemoteTestNG.main(RemoteTestNG.java:77)]]>
    </failure>
  </testcase> <!-- addBeneficiaryBusiness -->
  <testcase name="addBeneficiaryPersonal" time="92.401" classname="com.testscripts.TestCases">
    <failure type="org.openqa.selenium.NoSuchElementException" message="no such element (An element could not be located on the page using the given search parameters (NAME=&amp;apos;logoutModalFirstTextField&amp;apos;))  (WARNING: The server did not provide any stacktrace information)
Command duration or timeout: 0 milliseconds
For documentation on this error, please visit: http://seleniumhq.org/exceptions/no_such_element.html
Build info: version: &amp;apos;3.8.1&amp;apos;, revision: &amp;apos;6e95a6684b&amp;apos;, time: &amp;apos;2017-12-01T18:33:54.468Z&amp;apos;
System info: host: &amp;apos;MGGG0HH2&amp;apos;, ip: &amp;apos;10.149.250.196&amp;apos;, os.name: &amp;apos;Windows 7&amp;apos;, os.arch: &amp;apos;amd64&amp;apos;, os.version: &amp;apos;6.1&amp;apos;, java.version: &amp;apos;1.8.0_152&amp;apos;
Driver info: io.appium.java_client.android.AndroidDriver
Capabilities {appActivity: .MainActivity, appPackage: com.jncb.mobile, autoAcceptAlerts: false, autoDismissAlerts: false, autoWebview: false, desired: {appActivity: .MainActivity, appPackage: com.jncb.mobile, platformName: Android, reportDirectory: reports, reportFormat: xml, testName: Untitled, udid: 0123456789ABCDEF, unicodeKeyboard: True}, device.category: PHONE, device.majorVersion: 5.x, device.manufacture: ZTE, device.model: DIGICEL DL910, device.name: DIGICEL DL910, device.os: Android, device.screenSize: 480x854, device.serialNumber: 0123456789ABCDEF, device.version: 5.0, dontGoHomeOnQuit: false, dontStopAppOnReset: false, fullReset: false, instrumentApp: false, javascriptEnabled: true, keystorePath: ~/.android/debug.keystore, noReset: false, platform: ANDROID, platformName: ANDROID, projectName: , reportDirectory: reports, reportFormat: xml, reportUrl: C:\Users\vermas\appiumstudi..., reservationDuration: 240, testName: Untitled, udid: 0123456789ABCDEF, unicodeKeyboard: True, useKeystore: false, waitForDeviceTimeout: 120000}
Session ID: 175f4809-1809-477b-b799-61d97d625208
*** Element info: {Using=name, value=logoutModalFirstTextField}">
      <![CDATA[org.openqa.selenium.NoSuchElementException: no such element (An element could not be located on the page using the given search parameters (NAME='logoutModalFirstTextField'))  (WARNING: The server did not provide any stacktrace information)Command duration or timeout: 0 millisecondsFor documentation on this error, please visit: http://seleniumhq.org/exceptions/no_such_element.htmlBuild info: version: '3.8.1', revision: '6e95a6684b', time: '2017-12-01T18:33:54.468Z'System info: host: 'MGGG0HH2', ip: '10.149.250.196', os.name: 'Windows 7', os.arch: 'amd64', os.version: '6.1', java.version: '1.8.0_152'Driver info: io.appium.java_client.android.AndroidDriverCapabilities {appActivity: .MainActivity, appPackage: com.jncb.mobile, autoAcceptAlerts: false, autoDismissAlerts: false, autoWebview: false, desired: {appActivity: .MainActivity, appPackage: com.jncb.mobile, platformName: Android, reportDirectory: reports, reportFormat: xml, testName: Untitled, udid: 0123456789ABCDEF, unicodeKeyboard: True}, device.category: PHONE, device.majorVersion: 5.x, device.manufacture: ZTE, device.model: DIGICEL DL910, device.name: DIGICEL DL910, device.os: Android, device.screenSize: 480x854, device.serialNumber: 0123456789ABCDEF, device.version: 5.0, dontGoHomeOnQuit: false, dontStopAppOnReset: false, fullReset: false, instrumentApp: false, javascriptEnabled: true, keystorePath: ~/.android/debug.keystore, noReset: false, platform: ANDROID, platformName: ANDROID, projectName: , reportDirectory: reports, reportFormat: xml, reportUrl: C:\Users\vermas\appiumstudi..., reservationDuration: 240, testName: Untitled, udid: 0123456789ABCDEF, unicodeKeyboard: True, useKeystore: false, waitForDeviceTimeout: 120000}Session ID: 175f4809-1809-477b-b799-61d97d625208*** Element info: {Using=name, value=logoutModalFirstTextField}at sun.reflect.NativeConstructorAccessorImpl.newInstance0(Native Method)at sun.reflect.NativeConstructorAccessorImpl.newInstance(NativeConstructorAccessorImpl.java:62)at sun.reflect.DelegatingConstructorAccessorImpl.newInstance(DelegatingConstructorAccessorImpl.java:45)at java.lang.reflect.Constructor.newInstance(Constructor.java:423)at org.openqa.selenium.remote.ErrorHandler.createThrowable(ErrorHandler.java:214)at org.openqa.selenium.remote.ErrorHandler.throwIfResponseFailed(ErrorHandler.java:166)at org.openqa.selenium.remote.http.JsonHttpResponseCodec.reconstructValue(JsonHttpResponseCodec.java:40)at org.openqa.selenium.remote.http.AbstractHttpResponseCodec.decode(AbstractHttpResponseCodec.java:80)at org.openqa.selenium.remote.http.AbstractHttpResponseCodec.decode(AbstractHttpResponseCodec.java:44)at org.openqa.selenium.remote.HttpCommandExecutor.execute(HttpCommandExecutor.java:164)at io.appium.java_client.remote.AppiumCommandExecutor.execute(AppiumCommandExecutor.java:89)at org.openqa.selenium.remote.RemoteWebDriver.execute(RemoteWebDriver.java:601)at io.appium.java_client.DefaultGenericMobileDriver.execute(DefaultGenericMobileDriver.java:42)at io.appium.java_client.AppiumDriver.execute(AppiumDriver.java:1)at io.appium.java_client.android.AndroidDriver.execute(AndroidDriver.java:1)at org.openqa.selenium.remote.RemoteWebDriver.findElement(RemoteWebDriver.java:371)at io.appium.java_client.DefaultGenericMobileDriver.findElement(DefaultGenericMobileDriver.java:62)at io.appium.java_client.AppiumDriver.findElement(AppiumDriver.java:1)at io.appium.java_client.android.AndroidDriver.findElement(AndroidDriver.java:1)at org.openqa.selenium.remote.RemoteWebDriver.findElementByName(RemoteWebDriver.java:449)at io.appium.java_client.DefaultGenericMobileDriver.findElementByName(DefaultGenericMobileDriver.java:110)at io.appium.java_client.AppiumDriver.findElementByName(AppiumDriver.java:1)at io.appium.java_client.android.AndroidDriver.findElementByName(AndroidDriver.java:1)at org.openqa.selenium.By$ByName.findElement(By.java:303)at org.openqa.selenium.remote.RemoteWebDriver.findElement(RemoteWebDriver.java:363)at io.appium.java_client.DefaultGenericMobileDriver.findElement(DefaultGenericMobileDriver.java:58)at io.appium.java_client.AppiumDriver.findElement(AppiumDriver.java:1)at io.appium.java_client.android.AndroidDriver.findElement(AndroidDriver.java:1)at com.library.Common.webElementId(Common.java:77)at com.library.Common.verifyText(Common.java:168)at com.businessfunctions.TransferPage.cancelBeneficiaryPersonal(TransferPage.java:333)at com.testscripts.TestCases.addBeneficiaryPersonal(TestCases.java:392)at sun.reflect.NativeMethodAccessorImpl.invoke0(Native Method)at sun.reflect.NativeMethodAccessorImpl.invoke(NativeMethodAccessorImpl.java:62)at sun.reflect.DelegatingMethodAccessorImpl.invoke(DelegatingMethodAccessorImpl.java:43)at java.lang.reflect.Method.invoke(Method.java:498)at org.testng.internal.MethodInvocationHelper.invokeMethod(MethodInvocationHelper.java:124)at org.testng.internal.Invoker.invokeMethod(Invoker.java:571)at org.testng.internal.Invoker.invokeTestMethod(Invoker.java:707)at org.testng.internal.Invoker.invokeTestMethods(Invoker.java:979)at org.testng.internal.TestMethodWorker.invokeTestMethods(TestMethodWorker.java:125)at org.testng.internal.TestMethodWorker.run(TestMethodWorker.java:109)at org.testng.TestRunner.privateRun(TestRunner.java:648)at org.testng.TestRunner.run(TestRunner.java:505)at org.testng.SuiteRunner.runTest(SuiteRunner.java:455)at org.testng.SuiteRunner.runSequentially(SuiteRunner.java:450)at org.testng.SuiteRunner.privateRun(SuiteRunner.java:415)at org.testng.SuiteRunner.run(SuiteRunner.java:364)at org.testng.SuiteRunnerWorker.runSuite(SuiteRunnerWorker.java:52)at org.testng.SuiteRunnerWorker.run(SuiteRunnerWorker.java:84)at org.testng.TestNG.runSuitesSequentially(TestNG.java:1187)at org.testng.TestNG.runSuitesLocally(TestNG.java:1116)at org.testng.TestNG.runSuites(TestNG.java:1028)at org.testng.TestNG.run(TestNG.java:996)at org.testng.remote.AbstractRemoteTestNG.run(AbstractRemoteTestNG.java:114)at org.testng.remote.RemoteTestNG.initAndRun(RemoteTestNG.java:251)at org.testng.remote.RemoteTestNG.main(RemoteTestNG.java:77)]]>
    </failure>
  </testcase> <!-- addBeneficiaryPersonal -->
  <testcase name="addBeneficiarySubmit" time="52.185" classname="com.testscripts.TestCases">
    <failure type="org.openqa.selenium.InvalidSelectorException" message="invalid selector (Argument was an invalid selector (e.g. XPath/CSS). xpath = save button)  (WARNING: The server did not provide any stacktrace information)
Command duration or timeout: 0 milliseconds
For documentation on this error, please visit: http://seleniumhq.org/exceptions/invalid_selector_exception.html
Build info: version: &amp;apos;3.8.1&amp;apos;, revision: &amp;apos;6e95a6684b&amp;apos;, time: &amp;apos;2017-12-01T18:33:54.468Z&amp;apos;
System info: host: &amp;apos;MGGG0HH2&amp;apos;, ip: &amp;apos;10.149.250.196&amp;apos;, os.name: &amp;apos;Windows 7&amp;apos;, os.arch: &amp;apos;amd64&amp;apos;, os.version: &amp;apos;6.1&amp;apos;, java.version: &amp;apos;1.8.0_152&amp;apos;
Driver info: io.appium.java_client.android.AndroidDriver
Capabilities {appActivity: .MainActivity, appPackage: com.jncb.mobile, autoAcceptAlerts: false, autoDismissAlerts: false, autoWebview: false, desired: {appActivity: .MainActivity, appPackage: com.jncb.mobile, platformName: Android, reportDirectory: reports, reportFormat: xml, testName: Untitled, udid: 0123456789ABCDEF, unicodeKeyboard: True}, device.category: PHONE, device.majorVersion: 5.x, device.manufacture: ZTE, device.model: DIGICEL DL910, device.name: DIGICEL DL910, device.os: Android, device.screenSize: 480x854, device.serialNumber: 0123456789ABCDEF, device.version: 5.0, dontGoHomeOnQuit: false, dontStopAppOnReset: false, fullReset: false, instrumentApp: false, javascriptEnabled: true, keystorePath: ~/.android/debug.keystore, noReset: false, platform: ANDROID, platformName: ANDROID, projectName: , reportDirectory: reports, reportFormat: xml, reportUrl: C:\Users\vermas\appiumstudi..., reservationDuration: 240, testName: Untitled, udid: 0123456789ABCDEF, unicodeKeyboard: True, useKeystore: false, waitForDeviceTimeout: 120000}
Session ID: 175f4809-1809-477b-b799-61d97d625208
*** Element info: {Using=xpath, value=save button}">
      <![CDATA[org.openqa.selenium.InvalidSelectorException: invalid selector (Argument was an invalid selector (e.g. XPath/CSS). xpath = save button)  (WARNING: The server did not provide any stacktrace information)Command duration or timeout: 0 millisecondsFor documentation on this error, please visit: http://seleniumhq.org/exceptions/invalid_selector_exception.htmlBuild info: version: '3.8.1', revision: '6e95a6684b', time: '2017-12-01T18:33:54.468Z'System info: host: 'MGGG0HH2', ip: '10.149.250.196', os.name: 'Windows 7', os.arch: 'amd64', os.version: '6.1', java.version: '1.8.0_152'Driver info: io.appium.java_client.android.AndroidDriverCapabilities {appActivity: .MainActivity, appPackage: com.jncb.mobile, autoAcceptAlerts: false, autoDismissAlerts: false, autoWebview: false, desired: {appActivity: .MainActivity, appPackage: com.jncb.mobile, platformName: Android, reportDirectory: reports, reportFormat: xml, testName: Untitled, udid: 0123456789ABCDEF, unicodeKeyboard: True}, device.category: PHONE, device.majorVersion: 5.x, device.manufacture: ZTE, device.model: DIGICEL DL910, device.name: DIGICEL DL910, device.os: Android, device.screenSize: 480x854, device.serialNumber: 0123456789ABCDEF, device.version: 5.0, dontGoHomeOnQuit: false, dontStopAppOnReset: false, fullReset: false, instrumentApp: false, javascriptEnabled: true, keystorePath: ~/.android/debug.keystore, noReset: false, platform: ANDROID, platformName: ANDROID, projectName: , reportDirectory: reports, reportFormat: xml, reportUrl: C:\Users\vermas\appiumstudi..., reservationDuration: 240, testName: Untitled, udid: 0123456789ABCDEF, unicodeKeyboard: True, useKeystore: false, waitForDeviceTimeout: 120000}Session ID: 175f4809-1809-477b-b799-61d97d625208*** Element info: {Using=xpath, value=save button}at sun.reflect.NativeConstructorAccessorImpl.newInstance0(Native Method)at sun.reflect.NativeConstructorAccessorImpl.newInstance(NativeConstructorAccessorImpl.java:62)at sun.reflect.DelegatingConstructorAccessorImpl.newInstance(DelegatingConstructorAccessorImpl.java:45)at java.lang.reflect.Constructor.newInstance(Constructor.java:423)at org.openqa.selenium.remote.ErrorHandler.createThrowable(ErrorHandler.java:214)at org.openqa.selenium.remote.ErrorHandler.throwIfResponseFailed(ErrorHandler.java:166)at org.openqa.selenium.remote.http.JsonHttpResponseCodec.reconstructValue(JsonHttpResponseCodec.java:40)at org.openqa.selenium.remote.http.AbstractHttpResponseCodec.decode(AbstractHttpResponseCodec.java:80)at org.openqa.selenium.remote.http.AbstractHttpResponseCodec.decode(AbstractHttpResponseCodec.java:44)at org.openqa.selenium.remote.HttpCommandExecutor.execute(HttpCommandExecutor.java:164)at io.appium.java_client.remote.AppiumCommandExecutor.execute(AppiumCommandExecutor.java:89)at org.openqa.selenium.remote.RemoteWebDriver.execute(RemoteWebDriver.java:601)at io.appium.java_client.DefaultGenericMobileDriver.execute(DefaultGenericMobileDriver.java:42)at io.appium.java_client.AppiumDriver.execute(AppiumDriver.java:1)at io.appium.java_client.android.AndroidDriver.execute(AndroidDriver.java:1)at org.openqa.selenium.remote.RemoteWebDriver.findElement(RemoteWebDriver.java:371)at io.appium.java_client.DefaultGenericMobileDriver.findElement(DefaultGenericMobileDriver.java:62)at io.appium.java_client.AppiumDriver.findElement(AppiumDriver.java:1)at io.appium.java_client.android.AndroidDriver.findElement(AndroidDriver.java:1)at org.openqa.selenium.remote.RemoteWebDriver.findElementByXPath(RemoteWebDriver.java:473)at io.appium.java_client.DefaultGenericMobileDriver.findElementByXPath(DefaultGenericMobileDriver.java:140)at io.appium.java_client.AppiumDriver.findElementByXPath(AppiumDriver.java:1)at io.appium.java_client.android.AndroidDriver.findElementByXPath(AndroidDriver.java:1)at org.openqa.selenium.By$ByXPath.findElement(By.java:361)at org.openqa.selenium.remote.RemoteWebDriver.findElement(RemoteWebDriver.java:363)at io.appium.java_client.DefaultGenericMobileDriver.findElement(DefaultGenericMobileDriver.java:58)at io.appium.java_client.AppiumDriver.findElement(AppiumDriver.java:1)at io.appium.java_client.android.AndroidDriver.findElement(AndroidDriver.java:1)at com.library.Common.webElementId(Common.java:89)at com.library.Common.click(Common.java:153)at com.businessfunctions.TransferPage.transferUsingOTPSubmit(TransferPage.java:189)at com.testscripts.TestCases.addBeneficiarySubmit(TestCases.java:437)at sun.reflect.NativeMethodAccessorImpl.invoke0(Native Method)at sun.reflect.NativeMethodAccessorImpl.invoke(NativeMethodAccessorImpl.java:62)at sun.reflect.DelegatingMethodAccessorImpl.invoke(DelegatingMethodAccessorImpl.java:43)at java.lang.reflect.Method.invoke(Method.java:498)at org.testng.internal.MethodInvocationHelper.invokeMethod(MethodInvocationHelper.java:124)at org.testng.internal.Invoker.invokeMethod(Invoker.java:571)at org.testng.internal.Invoker.invokeTestMethod(Invoker.java:707)at org.testng.internal.Invoker.invokeTestMethods(Invoker.java:979)at org.testng.internal.TestMethodWorker.invokeTestMethods(TestMethodWorker.java:125)at org.testng.internal.TestMethodWorker.run(TestMethodWorker.java:109)at org.testng.TestRunner.privateRun(TestRunner.java:648)at org.testng.TestRunner.run(TestRunner.java:505)at org.testng.SuiteRunner.runTest(SuiteRunner.java:455)at org.testng.SuiteRunner.runSequentially(SuiteRunner.java:450)at org.testng.SuiteRunner.privateRun(SuiteRunner.java:415)at org.testng.SuiteRunner.run(SuiteRunner.java:364)at org.testng.SuiteRunnerWorker.runSuite(SuiteRunnerWorker.java:52)at org.testng.SuiteRunnerWorker.run(SuiteRunnerWorker.java:84)at org.testng.TestNG.runSuitesSequentially(TestNG.java:1187)at org.testng.TestNG.runSuitesLocally(TestNG.java:1116)at org.testng.TestNG.runSuites(TestNG.java:1028)at org.testng.TestNG.run(TestNG.java:996)at org.testng.remote.AbstractRemoteTestNG.run(AbstractRemoteTestNG.java:114)at org.testng.remote.RemoteTestNG.initAndRun(RemoteTestNG.java:251)at org.testng.remote.RemoteTestNG.main(RemoteTestNG.java:77)]]>
    </failure>
  </testcase> <!-- addBeneficiarySubmit -->
  <testcase name="animation" time="9.623" classname="com.testscripts.TestCases">
    <failure type="org.openqa.selenium.NoSuchElementException" message="no such element (An element could not be located on the page using the given search parameters (NAME=&amp;apos;loginText&amp;apos;))  (WARNING: The server did not provide any stacktrace information)
Command duration or timeout: 0 milliseconds
For documentation on this error, please visit: http://seleniumhq.org/exceptions/no_such_element.html
Build info: version: &amp;apos;3.8.1&amp;apos;, revision: &amp;apos;6e95a6684b&amp;apos;, time: &amp;apos;2017-12-01T18:33:54.468Z&amp;apos;
System info: host: &amp;apos;MGGG0HH2&amp;apos;, ip: &amp;apos;10.149.250.196&amp;apos;, os.name: &amp;apos;Windows 7&amp;apos;, os.arch: &amp;apos;amd64&amp;apos;, os.version: &amp;apos;6.1&amp;apos;, java.version: &amp;apos;1.8.0_152&amp;apos;
Driver info: io.appium.java_client.android.AndroidDriver
Capabilities {appActivity: .MainActivity, appPackage: com.jncb.mobile, autoAcceptAlerts: false, autoDismissAlerts: false, autoWebview: false, desired: {appActivity: .MainActivity, appPackage: com.jncb.mobile, platformName: Android, reportDirectory: reports, reportFormat: xml, testName: Untitled, udid: 0123456789ABCDEF, unicodeKeyboard: True}, device.category: PHONE, device.majorVersion: 5.x, device.manufacture: ZTE, device.model: DIGICEL DL910, device.name: DIGICEL DL910, device.os: Android, device.screenSize: 480x854, device.serialNumber: 0123456789ABCDEF, device.version: 5.0, dontGoHomeOnQuit: false, dontStopAppOnReset: false, fullReset: false, instrumentApp: false, javascriptEnabled: true, keystorePath: ~/.android/debug.keystore, noReset: false, platform: ANDROID, platformName: ANDROID, projectName: , reportDirectory: reports, reportFormat: xml, reportUrl: C:\Users\vermas\appiumstudi..., reservationDuration: 240, testName: Untitled, udid: 0123456789ABCDEF, unicodeKeyboard: True, useKeystore: false, waitForDeviceTimeout: 120000}
Session ID: 175f4809-1809-477b-b799-61d97d625208
*** Element info: {Using=name, value=loginText}">
      <![CDATA[org.openqa.selenium.NoSuchElementException: no such element (An element could not be located on the page using the given search parameters (NAME='loginText'))  (WARNING: The server did not provide any stacktrace information)Command duration or timeout: 0 millisecondsFor documentation on this error, please visit: http://seleniumhq.org/exceptions/no_such_element.htmlBuild info: version: '3.8.1', revision: '6e95a6684b', time: '2017-12-01T18:33:54.468Z'System info: host: 'MGGG0HH2', ip: '10.149.250.196', os.name: 'Windows 7', os.arch: 'amd64', os.version: '6.1', java.version: '1.8.0_152'Driver info: io.appium.java_client.android.AndroidDriverCapabilities {appActivity: .MainActivity, appPackage: com.jncb.mobile, autoAcceptAlerts: false, autoDismissAlerts: false, autoWebview: false, desired: {appActivity: .MainActivity, appPackage: com.jncb.mobile, platformName: Android, reportDirectory: reports, reportFormat: xml, testName: Untitled, udid: 0123456789ABCDEF, unicodeKeyboard: True}, device.category: PHONE, device.majorVersion: 5.x, device.manufacture: ZTE, device.model: DIGICEL DL910, device.name: DIGICEL DL910, device.os: Android, device.screenSize: 480x854, device.serialNumber: 0123456789ABCDEF, device.version: 5.0, dontGoHomeOnQuit: false, dontStopAppOnReset: false, fullReset: false, instrumentApp: false, javascriptEnabled: true, keystorePath: ~/.android/debug.keystore, noReset: false, platform: ANDROID, platformName: ANDROID, projectName: , reportDirectory: reports, reportFormat: xml, reportUrl: C:\Users\vermas\appiumstudi..., reservationDuration: 240, testName: Untitled, udid: 0123456789ABCDEF, unicodeKeyboard: True, useKeystore: false, waitForDeviceTimeout: 120000}Session ID: 175f4809-1809-477b-b799-61d97d625208*** Element info: {Using=name, value=loginText}at sun.reflect.NativeConstructorAccessorImpl.newInstance0(Native Method)at sun.reflect.NativeConstructorAccessorImpl.newInstance(NativeConstructorAccessorImpl.java:62)at sun.reflect.DelegatingConstructorAccessorImpl.newInstance(DelegatingConstructorAccessorImpl.java:45)at java.lang.reflect.Constructor.newInstance(Constructor.java:423)at org.openqa.selenium.remote.ErrorHandler.createThrowable(ErrorHandler.java:214)at org.openqa.selenium.remote.ErrorHandler.throwIfResponseFailed(ErrorHandler.java:166)at org.openqa.selenium.remote.http.JsonHttpResponseCodec.reconstructValue(JsonHttpResponseCodec.java:40)at org.openqa.selenium.remote.http.AbstractHttpResponseCodec.decode(AbstractHttpResponseCodec.java:80)at org.openqa.selenium.remote.http.AbstractHttpResponseCodec.decode(AbstractHttpResponseCodec.java:44)at org.openqa.selenium.remote.HttpCommandExecutor.execute(HttpCommandExecutor.java:164)at io.appium.java_client.remote.AppiumCommandExecutor.execute(AppiumCommandExecutor.java:89)at org.openqa.selenium.remote.RemoteWebDriver.execute(RemoteWebDriver.java:601)at io.appium.java_client.DefaultGenericMobileDriver.execute(DefaultGenericMobileDriver.java:42)at io.appium.java_client.AppiumDriver.execute(AppiumDriver.java:1)at io.appium.java_client.android.AndroidDriver.execute(AndroidDriver.java:1)at org.openqa.selenium.remote.RemoteWebDriver.findElement(RemoteWebDriver.java:371)at io.appium.java_client.DefaultGenericMobileDriver.findElement(DefaultGenericMobileDriver.java:62)at io.appium.java_client.AppiumDriver.findElement(AppiumDriver.java:1)at io.appium.java_client.android.AndroidDriver.findElement(AndroidDriver.java:1)at org.openqa.selenium.remote.RemoteWebDriver.findElementByName(RemoteWebDriver.java:449)at io.appium.java_client.DefaultGenericMobileDriver.findElementByName(DefaultGenericMobileDriver.java:110)at io.appium.java_client.AppiumDriver.findElementByName(AppiumDriver.java:1)at io.appium.java_client.android.AndroidDriver.findElementByName(AndroidDriver.java:1)at org.openqa.selenium.By$ByName.findElement(By.java:303)at org.openqa.selenium.remote.RemoteWebDriver.findElement(RemoteWebDriver.java:363)at io.appium.java_client.DefaultGenericMobileDriver.findElement(DefaultGenericMobileDriver.java:58)at io.appium.java_client.AppiumDriver.findElement(AppiumDriver.java:1)at io.appium.java_client.android.AndroidDriver.findElement(AndroidDriver.java:1)at com.library.Common.webElementId(Common.java:77)at com.library.Common.click(Common.java:153)at com.businessfunctions.Login.loginToapp(Login.java:19)at com.testscripts.TestCases.animation(TestCases.java:259)at sun.reflect.NativeMethodAccessorImpl.invoke0(Native Method)at sun.reflect.NativeMethodAccessorImpl.invoke(NativeMethodAccessorImpl.java:62)at sun.reflect.DelegatingMethodAccessorImpl.invoke(DelegatingMethodAccessorImpl.java:43)at java.lang.reflect.Method.invoke(Method.java:498)at org.testng.internal.MethodInvocationHelper.invokeMethod(MethodInvocationHelper.java:124)at org.testng.internal.Invoker.invokeMethod(Invoker.java:571)at org.testng.internal.Invoker.invokeTestMethod(Invoker.java:707)at org.testng.internal.Invoker.invokeTestMethods(Invoker.java:979)at org.testng.internal.TestMethodWorker.invokeTestMethods(TestMethodWorker.java:125)at org.testng.internal.TestMethodWorker.run(TestMethodWorker.java:109)at org.testng.TestRunner.privateRun(TestRunner.java:648)at org.testng.TestRunner.run(TestRunner.java:505)at org.testng.SuiteRunner.runTest(SuiteRunner.java:455)at org.testng.SuiteRunner.runSequentially(SuiteRunner.java:450)at org.testng.SuiteRunner.privateRun(SuiteRunner.java:415)at org.testng.SuiteRunner.run(SuiteRunner.java:364)at org.testng.SuiteRunnerWorker.runSuite(SuiteRunnerWorker.java:52)at org.testng.SuiteRunnerWorker.run(SuiteRunnerWorker.java:84)at org.testng.TestNG.runSuitesSequentially(TestNG.java:1187)at org.testng.TestNG.runSuitesLocally(TestNG.java:1116)at org.testng.TestNG.runSuites(TestNG.java:1028)at org.testng.TestNG.run(TestNG.java:996)at org.testng.remote.AbstractRemoteTestNG.run(AbstractRemoteTestNG.java:114)at org.testng.remote.RemoteTestNG.initAndRun(RemoteTestNG.java:251)at org.testng.remote.RemoteTestNG.main(RemoteTestNG.java:77)]]>
    </failure>
  </testcase> <!-- animation -->
  <testcase name="errorHandlingMetoMeBalanceAndExceed" time="0.012" classname="com.testscripts.TestCases">
    <failure type="org.openqa.selenium.WebDriverException" message="unknown error (An unknown server-side error occurred. status=&amp;apos;false&amp;apos;. Failed to complete internal method: &amp;apos;applicationClose args: [com.jncb.mobile]&amp;apos;, details: Failed to close the applicationThe device is offline: null)  (WARNING: The server did not provide any stacktrace information)
Command duration or timeout: 0 milliseconds
Build info: version: &amp;apos;3.8.1&amp;apos;, revision: &amp;apos;6e95a6684b&amp;apos;, time: &amp;apos;2017-12-01T18:33:54.468Z&amp;apos;
System info: host: &amp;apos;MGGG0HH2&amp;apos;, ip: &amp;apos;10.149.250.196&amp;apos;, os.name: &amp;apos;Windows 7&amp;apos;, os.arch: &amp;apos;amd64&amp;apos;, os.version: &amp;apos;6.1&amp;apos;, java.version: &amp;apos;1.8.0_152&amp;apos;
Driver info: io.appium.java_client.android.AndroidDriver
Capabilities {appActivity: .MainActivity, appPackage: com.jncb.mobile, autoAcceptAlerts: false, autoDismissAlerts: false, autoWebview: false, desired: {appActivity: .MainActivity, appPackage: com.jncb.mobile, platformName: Android, reportDirectory: reports, reportFormat: xml, testName: Untitled, udid: 0123456789ABCDEF, unicodeKeyboard: True}, device.category: PHONE, device.majorVersion: 5.x, device.manufacture: ZTE, device.model: DIGICEL DL910, device.name: DIGICEL DL910, device.os: Android, device.screenSize: 480x854, device.serialNumber: 0123456789ABCDEF, device.version: 5.0, dontGoHomeOnQuit: false, dontStopAppOnReset: false, fullReset: false, instrumentApp: false, javascriptEnabled: true, keystorePath: ~/.android/debug.keystore, noReset: false, platform: ANDROID, platformName: ANDROID, projectName: , reportDirectory: reports, reportFormat: xml, reportUrl: C:\Users\vermas\appiumstudi..., reservationDuration: 240, testName: Untitled, udid: 0123456789ABCDEF, unicodeKeyboard: True, useKeystore: false, waitForDeviceTimeout: 120000}
Session ID: 175f4809-1809-477b-b799-61d97d625208">
      <![CDATA[org.openqa.selenium.WebDriverException: unknown error (An unknown server-side error occurred. status='false'. Failed to complete internal method: 'applicationClose args: [com.jncb.mobile]', details: Failed to close the applicationThe device is offline: null)  (WARNING: The server did not provide any stacktrace information)Command duration or timeout: 0 millisecondsBuild info: version: '3.8.1', revision: '6e95a6684b', time: '2017-12-01T18:33:54.468Z'System info: host: 'MGGG0HH2', ip: '10.149.250.196', os.name: 'Windows 7', os.arch: 'amd64', os.version: '6.1', java.version: '1.8.0_152'Driver info: io.appium.java_client.android.AndroidDriverCapabilities {appActivity: .MainActivity, appPackage: com.jncb.mobile, autoAcceptAlerts: false, autoDismissAlerts: false, autoWebview: false, desired: {appActivity: .MainActivity, appPackage: com.jncb.mobile, platformName: Android, reportDirectory: reports, reportFormat: xml, testName: Untitled, udid: 0123456789ABCDEF, unicodeKeyboard: True}, device.category: PHONE, device.majorVersion: 5.x, device.manufacture: ZTE, device.model: DIGICEL DL910, device.name: DIGICEL DL910, device.os: Android, device.screenSize: 480x854, device.serialNumber: 0123456789ABCDEF, device.version: 5.0, dontGoHomeOnQuit: false, dontStopAppOnReset: false, fullReset: false, instrumentApp: false, javascriptEnabled: true, keystorePath: ~/.android/debug.keystore, noReset: false, platform: ANDROID, platformName: ANDROID, projectName: , reportDirectory: reports, reportFormat: xml, reportUrl: C:\Users\vermas\appiumstudi..., reservationDuration: 240, testName: Untitled, udid: 0123456789ABCDEF, unicodeKeyboard: True, useKeystore: false, waitForDeviceTimeout: 120000}Session ID: 175f4809-1809-477b-b799-61d97d625208at sun.reflect.NativeConstructorAccessorImpl.newInstance0(Native Method)at sun.reflect.NativeConstructorAccessorImpl.newInstance(NativeConstructorAccessorImpl.java:62)at sun.reflect.DelegatingConstructorAccessorImpl.newInstance(DelegatingConstructorAccessorImpl.java:45)at java.lang.reflect.Constructor.newInstance(Constructor.java:423)at org.openqa.selenium.remote.ErrorHandler.createThrowable(ErrorHandler.java:214)at org.openqa.selenium.remote.ErrorHandler.throwIfResponseFailed(ErrorHandler.java:166)at org.openqa.selenium.remote.http.JsonHttpResponseCodec.reconstructValue(JsonHttpResponseCodec.java:40)at org.openqa.selenium.remote.http.AbstractHttpResponseCodec.decode(AbstractHttpResponseCodec.java:80)at org.openqa.selenium.remote.http.AbstractHttpResponseCodec.decode(AbstractHttpResponseCodec.java:44)at org.openqa.selenium.remote.HttpCommandExecutor.execute(HttpCommandExecutor.java:164)at io.appium.java_client.remote.AppiumCommandExecutor.execute(AppiumCommandExecutor.java:89)at org.openqa.selenium.remote.RemoteWebDriver.execute(RemoteWebDriver.java:601)at io.appium.java_client.DefaultGenericMobileDriver.execute(DefaultGenericMobileDriver.java:46)at io.appium.java_client.AppiumDriver.execute(AppiumDriver.java:1)at io.appium.java_client.android.AndroidDriver.execute(AndroidDriver.java:1)at io.appium.java_client.InteractsWithApps.resetApp(InteractsWithApps.java:65)at com.library.Common.reset(Common.java:294)at com.testscripts.TestCases.errorHandlingMetoMeBalanceAndExceed(TestCases.java:447)at sun.reflect.NativeMethodAccessorImpl.invoke0(Native Method)at sun.reflect.NativeMethodAccessorImpl.invoke(NativeMethodAccessorImpl.java:62)at sun.reflect.DelegatingMethodAccessorImpl.invoke(DelegatingMethodAccessorImpl.java:43)at java.lang.reflect.Method.invoke(Method.java:498)at org.testng.internal.MethodInvocationHelper.invokeMethod(MethodInvocationHelper.java:124)at org.testng.internal.Invoker.invokeMethod(Invoker.java:571)at org.testng.internal.Invoker.invokeTestMethod(Invoker.java:707)at org.testng.internal.Invoker.invokeTestMethods(Invoker.java:979)at org.testng.internal.TestMethodWorker.invokeTestMethods(TestMethodWorker.java:125)at org.testng.internal.TestMethodWorker.run(TestMethodWorker.java:109)at org.testng.TestRunner.privateRun(TestRunner.java:648)at org.testng.TestRunner.run(TestRunner.java:505)at org.testng.SuiteRunner.runTest(SuiteRunner.java:455)at org.testng.SuiteRunner.runSequentially(SuiteRunner.java:450)at org.testng.SuiteRunner.privateRun(SuiteRunner.java:415)at org.testng.SuiteRunner.run(SuiteRunner.java:364)at org.testng.SuiteRunnerWorker.runSuite(SuiteRunnerWorker.java:52)at org.testng.SuiteRunnerWorker.run(SuiteRunnerWorker.java:84)at org.testng.TestNG.runSuitesSequentially(TestNG.java:1187)at org.testng.TestNG.runSuitesLocally(TestNG.java:1116)at org.testng.TestNG.runSuites(TestNG.java:1028)at org.testng.TestNG.run(TestNG.java:996)at org.testng.remote.AbstractRemoteTestNG.run(AbstractRemoteTestNG.java:114)at org.testng.remote.RemoteTestNG.initAndRun(RemoteTestNG.java:251)at org.testng.remote.RemoteTestNG.main(RemoteTestNG.java:77)]]>
    </failure>
  </testcase> <!-- errorHandlingMetoMeBalanceAndExceed -->
  <testcase name="errorHandlingMetoMeOopsMessage" time="0.073" classname="com.testscripts.TestCases">
    <failure type="org.openqa.selenium.WebDriverException" message="unknown error (An unknown server-side error occurred. status=&amp;apos;false&amp;apos;. Failed to complete internal method: &amp;apos;applicationClose args: [com.jncb.mobile]&amp;apos;, details: Failed to close the applicationThe device is offline: null)  (WARNING: The server did not provide any stacktrace information)
Command duration or timeout: 0 milliseconds
Build info: version: &amp;apos;3.8.1&amp;apos;, revision: &amp;apos;6e95a6684b&amp;apos;, time: &amp;apos;2017-12-01T18:33:54.468Z&amp;apos;
System info: host: &amp;apos;MGGG0HH2&amp;apos;, ip: &amp;apos;10.149.250.196&amp;apos;, os.name: &amp;apos;Windows 7&amp;apos;, os.arch: &amp;apos;amd64&amp;apos;, os.version: &amp;apos;6.1&amp;apos;, java.version: &amp;apos;1.8.0_152&amp;apos;
Driver info: io.appium.java_client.android.AndroidDriver
Capabilities {appActivity: .MainActivity, appPackage: com.jncb.mobile, autoAcceptAlerts: false, autoDismissAlerts: false, autoWebview: false, desired: {appActivity: .MainActivity, appPackage: com.jncb.mobile, platformName: Android, reportDirectory: reports, reportFormat: xml, testName: Untitled, udid: 0123456789ABCDEF, unicodeKeyboard: True}, device.category: PHONE, device.majorVersion: 5.x, device.manufacture: ZTE, device.model: DIGICEL DL910, device.name: DIGICEL DL910, device.os: Android, device.screenSize: 480x854, device.serialNumber: 0123456789ABCDEF, device.version: 5.0, dontGoHomeOnQuit: false, dontStopAppOnReset: false, fullReset: false, instrumentApp: false, javascriptEnabled: true, keystorePath: ~/.android/debug.keystore, noReset: false, platform: ANDROID, platformName: ANDROID, projectName: , reportDirectory: reports, reportFormat: xml, reportUrl: C:\Users\vermas\appiumstudi..., reservationDuration: 240, testName: Untitled, udid: 0123456789ABCDEF, unicodeKeyboard: True, useKeystore: false, waitForDeviceTimeout: 120000}
Session ID: 175f4809-1809-477b-b799-61d97d625208">
      <![CDATA[org.openqa.selenium.WebDriverException: unknown error (An unknown server-side error occurred. status='false'. Failed to complete internal method: 'applicationClose args: [com.jncb.mobile]', details: Failed to close the applicationThe device is offline: null)  (WARNING: The server did not provide any stacktrace information)Command duration or timeout: 0 millisecondsBuild info: version: '3.8.1', revision: '6e95a6684b', time: '2017-12-01T18:33:54.468Z'System info: host: 'MGGG0HH2', ip: '10.149.250.196', os.name: 'Windows 7', os.arch: 'amd64', os.version: '6.1', java.version: '1.8.0_152'Driver info: io.appium.java_client.android.AndroidDriverCapabilities {appActivity: .MainActivity, appPackage: com.jncb.mobile, autoAcceptAlerts: false, autoDismissAlerts: false, autoWebview: false, desired: {appActivity: .MainActivity, appPackage: com.jncb.mobile, platformName: Android, reportDirectory: reports, reportFormat: xml, testName: Untitled, udid: 0123456789ABCDEF, unicodeKeyboard: True}, device.category: PHONE, device.majorVersion: 5.x, device.manufacture: ZTE, device.model: DIGICEL DL910, device.name: DIGICEL DL910, device.os: Android, device.screenSize: 480x854, device.serialNumber: 0123456789ABCDEF, device.version: 5.0, dontGoHomeOnQuit: false, dontStopAppOnReset: false, fullReset: false, instrumentApp: false, javascriptEnabled: true, keystorePath: ~/.android/debug.keystore, noReset: false, platform: ANDROID, platformName: ANDROID, projectName: , reportDirectory: reports, reportFormat: xml, reportUrl: C:\Users\vermas\appiumstudi..., reservationDuration: 240, testName: Untitled, udid: 0123456789ABCDEF, unicodeKeyboard: True, useKeystore: false, waitForDeviceTimeout: 120000}Session ID: 175f4809-1809-477b-b799-61d97d625208at sun.reflect.NativeConstructorAccessorImpl.newInstance0(Native Method)at sun.reflect.NativeConstructorAccessorImpl.newInstance(NativeConstructorAccessorImpl.java:62)at sun.reflect.DelegatingConstructorAccessorImpl.newInstance(DelegatingConstructorAccessorImpl.java:45)at java.lang.reflect.Constructor.newInstance(Constructor.java:423)at org.openqa.selenium.remote.ErrorHandler.createThrowable(ErrorHandler.java:214)at org.openqa.selenium.remote.ErrorHandler.throwIfResponseFailed(ErrorHandler.java:166)at org.openqa.selenium.remote.http.JsonHttpResponseCodec.reconstructValue(JsonHttpResponseCodec.java:40)at org.openqa.selenium.remote.http.AbstractHttpResponseCodec.decode(AbstractHttpResponseCodec.java:80)at org.openqa.selenium.remote.http.AbstractHttpResponseCodec.decode(AbstractHttpResponseCodec.java:44)at org.openqa.selenium.remote.HttpCommandExecutor.execute(HttpCommandExecutor.java:164)at io.appium.java_client.remote.AppiumCommandExecutor.execute(AppiumCommandExecutor.java:89)at org.openqa.selenium.remote.RemoteWebDriver.execute(RemoteWebDriver.java:601)at io.appium.java_client.DefaultGenericMobileDriver.execute(DefaultGenericMobileDriver.java:46)at io.appium.java_client.AppiumDriver.execute(AppiumDriver.java:1)at io.appium.java_client.android.AndroidDriver.execute(AndroidDriver.java:1)at io.appium.java_client.InteractsWithApps.resetApp(InteractsWithApps.java:65)at com.library.Common.reset(Common.java:294)at com.testscripts.TestCases.errorHandlingMetoMeOopsMessage(TestCases.java:473)at sun.reflect.NativeMethodAccessorImpl.invoke0(Native Method)at sun.reflect.NativeMethodAccessorImpl.invoke(NativeMethodAccessorImpl.java:62)at sun.reflect.DelegatingMethodAccessorImpl.invoke(DelegatingMethodAccessorImpl.java:43)at java.lang.reflect.Method.invoke(Method.java:498)at org.testng.internal.MethodInvocationHelper.invokeMethod(MethodInvocationHelper.java:124)at org.testng.internal.Invoker.invokeMethod(Invoker.java:571)at org.testng.internal.Invoker.invokeTestMethod(Invoker.java:707)at org.testng.internal.Invoker.invokeTestMethods(Invoker.java:979)at org.testng.internal.TestMethodWorker.invokeTestMethods(TestMethodWorker.java:125)at org.testng.internal.TestMethodWorker.run(TestMethodWorker.java:109)at org.testng.TestRunner.privateRun(TestRunner.java:648)at org.testng.TestRunner.run(TestRunner.java:505)at org.testng.SuiteRunner.runTest(SuiteRunner.java:455)at org.testng.SuiteRunner.runSequentially(SuiteRunner.java:450)at org.testng.SuiteRunner.privateRun(SuiteRunner.java:415)at org.testng.SuiteRunner.run(SuiteRunner.java:364)at org.testng.SuiteRunnerWorker.runSuite(SuiteRunnerWorker.java:52)at org.testng.SuiteRunnerWorker.run(SuiteRunnerWorker.java:84)at org.testng.TestNG.runSuitesSequentially(TestNG.java:1187)at org.testng.TestNG.runSuitesLocally(TestNG.java:1116)at org.testng.TestNG.runSuites(TestNG.java:1028)at org.testng.TestNG.run(TestNG.java:996)at org.testng.remote.AbstractRemoteTestNG.run(AbstractRemoteTestNG.java:114)at org.testng.remote.RemoteTestNG.initAndRun(RemoteTestNG.java:251)at org.testng.remote.RemoteTestNG.main(RemoteTestNG.java:77)]]>
    </failure>
  </testcase> <!-- errorHandlingMetoMeOopsMessage -->
  <testcase name="errorHandlingMetoMeRestriction" time="0.009" classname="com.testscripts.TestCases">
    <failure type="org.openqa.selenium.WebDriverException" message="unknown error (An unknown server-side error occurred. status=&amp;apos;false&amp;apos;. Failed to complete internal method: &amp;apos;applicationClose args: [com.jncb.mobile]&amp;apos;, details: Failed to close the applicationThe device is offline: null)  (WARNING: The server did not provide any stacktrace information)
Command duration or timeout: 0 milliseconds
Build info: version: &amp;apos;3.8.1&amp;apos;, revision: &amp;apos;6e95a6684b&amp;apos;, time: &amp;apos;2017-12-01T18:33:54.468Z&amp;apos;
System info: host: &amp;apos;MGGG0HH2&amp;apos;, ip: &amp;apos;10.149.250.196&amp;apos;, os.name: &amp;apos;Windows 7&amp;apos;, os.arch: &amp;apos;amd64&amp;apos;, os.version: &amp;apos;6.1&amp;apos;, java.version: &amp;apos;1.8.0_152&amp;apos;
Driver info: io.appium.java_client.android.AndroidDriver
Capabilities {appActivity: .MainActivity, appPackage: com.jncb.mobile, autoAcceptAlerts: false, autoDismissAlerts: false, autoWebview: false, desired: {appActivity: .MainActivity, appPackage: com.jncb.mobile, platformName: Android, reportDirectory: reports, reportFormat: xml, testName: Untitled, udid: 0123456789ABCDEF, unicodeKeyboard: True}, device.category: PHONE, device.majorVersion: 5.x, device.manufacture: ZTE, device.model: DIGICEL DL910, device.name: DIGICEL DL910, device.os: Android, device.screenSize: 480x854, device.serialNumber: 0123456789ABCDEF, device.version: 5.0, dontGoHomeOnQuit: false, dontStopAppOnReset: false, fullReset: false, instrumentApp: false, javascriptEnabled: true, keystorePath: ~/.android/debug.keystore, noReset: false, platform: ANDROID, platformName: ANDROID, projectName: , reportDirectory: reports, reportFormat: xml, reportUrl: C:\Users\vermas\appiumstudi..., reservationDuration: 240, testName: Untitled, udid: 0123456789ABCDEF, unicodeKeyboard: True, useKeystore: false, waitForDeviceTimeout: 120000}
Session ID: 175f4809-1809-477b-b799-61d97d625208">
      <![CDATA[org.openqa.selenium.WebDriverException: unknown error (An unknown server-side error occurred. status='false'. Failed to complete internal method: 'applicationClose args: [com.jncb.mobile]', details: Failed to close the applicationThe device is offline: null)  (WARNING: The server did not provide any stacktrace information)Command duration or timeout: 0 millisecondsBuild info: version: '3.8.1', revision: '6e95a6684b', time: '2017-12-01T18:33:54.468Z'System info: host: 'MGGG0HH2', ip: '10.149.250.196', os.name: 'Windows 7', os.arch: 'amd64', os.version: '6.1', java.version: '1.8.0_152'Driver info: io.appium.java_client.android.AndroidDriverCapabilities {appActivity: .MainActivity, appPackage: com.jncb.mobile, autoAcceptAlerts: false, autoDismissAlerts: false, autoWebview: false, desired: {appActivity: .MainActivity, appPackage: com.jncb.mobile, platformName: Android, reportDirectory: reports, reportFormat: xml, testName: Untitled, udid: 0123456789ABCDEF, unicodeKeyboard: True}, device.category: PHONE, device.majorVersion: 5.x, device.manufacture: ZTE, device.model: DIGICEL DL910, device.name: DIGICEL DL910, device.os: Android, device.screenSize: 480x854, device.serialNumber: 0123456789ABCDEF, device.version: 5.0, dontGoHomeOnQuit: false, dontStopAppOnReset: false, fullReset: false, instrumentApp: false, javascriptEnabled: true, keystorePath: ~/.android/debug.keystore, noReset: false, platform: ANDROID, platformName: ANDROID, projectName: , reportDirectory: reports, reportFormat: xml, reportUrl: C:\Users\vermas\appiumstudi..., reservationDuration: 240, testName: Untitled, udid: 0123456789ABCDEF, unicodeKeyboard: True, useKeystore: false, waitForDeviceTimeout: 120000}Session ID: 175f4809-1809-477b-b799-61d97d625208at sun.reflect.NativeConstructorAccessorImpl.newInstance0(Native Method)at sun.reflect.NativeConstructorAccessorImpl.newInstance(NativeConstructorAccessorImpl.java:62)at sun.reflect.DelegatingConstructorAccessorImpl.newInstance(DelegatingConstructorAccessorImpl.java:45)at java.lang.reflect.Constructor.newInstance(Constructor.java:423)at org.openqa.selenium.remote.ErrorHandler.createThrowable(ErrorHandler.java:214)at org.openqa.selenium.remote.ErrorHandler.throwIfResponseFailed(ErrorHandler.java:166)at org.openqa.selenium.remote.http.JsonHttpResponseCodec.reconstructValue(JsonHttpResponseCodec.java:40)at org.openqa.selenium.remote.http.AbstractHttpResponseCodec.decode(AbstractHttpResponseCodec.java:80)at org.openqa.selenium.remote.http.AbstractHttpResponseCodec.decode(AbstractHttpResponseCodec.java:44)at org.openqa.selenium.remote.HttpCommandExecutor.execute(HttpCommandExecutor.java:164)at io.appium.java_client.remote.AppiumCommandExecutor.execute(AppiumCommandExecutor.java:89)at org.openqa.selenium.remote.RemoteWebDriver.execute(RemoteWebDriver.java:601)at io.appium.java_client.DefaultGenericMobileDriver.execute(DefaultGenericMobileDriver.java:46)at io.appium.java_client.AppiumDriver.execute(AppiumDriver.java:1)at io.appium.java_client.android.AndroidDriver.execute(AndroidDriver.java:1)at io.appium.java_client.InteractsWithApps.resetApp(InteractsWithApps.java:65)at com.library.Common.reset(Common.java:294)at com.testscripts.TestCases.errorHandlingMetoMeRestriction(TestCases.java:460)at sun.reflect.NativeMethodAccessorImpl.invoke0(Native Method)at sun.reflect.NativeMethodAccessorImpl.invoke(NativeMethodAccessorImpl.java:62)at sun.reflect.DelegatingMethodAccessorImpl.invoke(DelegatingMethodAccessorImpl.java:43)at java.lang.reflect.Method.invoke(Method.java:498)at org.testng.internal.MethodInvocationHelper.invokeMethod(MethodInvocationHelper.java:124)at org.testng.internal.Invoker.invokeMethod(Invoker.java:571)at org.testng.internal.Invoker.invokeTestMethod(Invoker.java:707)at org.testng.internal.Invoker.invokeTestMethods(Invoker.java:979)at org.testng.internal.TestMethodWorker.invokeTestMethods(TestMethodWorker.java:125)at org.testng.internal.TestMethodWorker.run(TestMethodWorker.java:109)at org.testng.TestRunner.privateRun(TestRunner.java:648)at org.testng.TestRunner.run(TestRunner.java:505)at org.testng.SuiteRunner.runTest(SuiteRunner.java:455)at org.testng.SuiteRunner.runSequentially(SuiteRunner.java:450)at org.testng.SuiteRunner.privateRun(SuiteRunner.java:415)at org.testng.SuiteRunner.run(SuiteRunner.java:364)at org.testng.SuiteRunnerWorker.runSuite(SuiteRunnerWorker.java:52)at org.testng.SuiteRunnerWorker.run(SuiteRunnerWorker.java:84)at org.testng.TestNG.runSuitesSequentially(TestNG.java:1187)at org.testng.TestNG.runSuitesLocally(TestNG.java:1116)at org.testng.TestNG.runSuites(TestNG.java:1028)at org.testng.TestNG.run(TestNG.java:996)at org.testng.remote.AbstractRemoteTestNG.run(AbstractRemoteTestNG.java:114)at org.testng.remote.RemoteTestNG.initAndRun(RemoteTestNG.java:251)at org.testng.remote.RemoteTestNG.main(RemoteTestNG.java:77)]]>
    </failure>
  </testcase> <!-- errorHandlingMetoMeRestriction -->
  <testcase name="errorHandlingMetoYouBalanceAndExceed" time="0.006" classname="com.testscripts.TestCases">
    <failure type="org.openqa.selenium.WebDriverException" message="unknown error (An unknown server-side error occurred. status=&amp;apos;false&amp;apos;. Failed to complete internal method: &amp;apos;applicationClose args: [com.jncb.mobile]&amp;apos;, details: Failed to close the applicationThe device is offline: null)  (WARNING: The server did not provide any stacktrace information)
Command duration or timeout: 0 milliseconds
Build info: version: &amp;apos;3.8.1&amp;apos;, revision: &amp;apos;6e95a6684b&amp;apos;, time: &amp;apos;2017-12-01T18:33:54.468Z&amp;apos;
System info: host: &amp;apos;MGGG0HH2&amp;apos;, ip: &amp;apos;10.149.250.196&amp;apos;, os.name: &amp;apos;Windows 7&amp;apos;, os.arch: &amp;apos;amd64&amp;apos;, os.version: &amp;apos;6.1&amp;apos;, java.version: &amp;apos;1.8.0_152&amp;apos;
Driver info: io.appium.java_client.android.AndroidDriver
Capabilities {appActivity: .MainActivity, appPackage: com.jncb.mobile, autoAcceptAlerts: false, autoDismissAlerts: false, autoWebview: false, desired: {appActivity: .MainActivity, appPackage: com.jncb.mobile, platformName: Android, reportDirectory: reports, reportFormat: xml, testName: Untitled, udid: 0123456789ABCDEF, unicodeKeyboard: True}, device.category: PHONE, device.majorVersion: 5.x, device.manufacture: ZTE, device.model: DIGICEL DL910, device.name: DIGICEL DL910, device.os: Android, device.screenSize: 480x854, device.serialNumber: 0123456789ABCDEF, device.version: 5.0, dontGoHomeOnQuit: false, dontStopAppOnReset: false, fullReset: false, instrumentApp: false, javascriptEnabled: true, keystorePath: ~/.android/debug.keystore, noReset: false, platform: ANDROID, platformName: ANDROID, projectName: , reportDirectory: reports, reportFormat: xml, reportUrl: C:\Users\vermas\appiumstudi..., reservationDuration: 240, testName: Untitled, udid: 0123456789ABCDEF, unicodeKeyboard: True, useKeystore: false, waitForDeviceTimeout: 120000}
Session ID: 175f4809-1809-477b-b799-61d97d625208">
      <![CDATA[org.openqa.selenium.WebDriverException: unknown error (An unknown server-side error occurred. status='false'. Failed to complete internal method: 'applicationClose args: [com.jncb.mobile]', details: Failed to close the applicationThe device is offline: null)  (WARNING: The server did not provide any stacktrace information)Command duration or timeout: 0 millisecondsBuild info: version: '3.8.1', revision: '6e95a6684b', time: '2017-12-01T18:33:54.468Z'System info: host: 'MGGG0HH2', ip: '10.149.250.196', os.name: 'Windows 7', os.arch: 'amd64', os.version: '6.1', java.version: '1.8.0_152'Driver info: io.appium.java_client.android.AndroidDriverCapabilities {appActivity: .MainActivity, appPackage: com.jncb.mobile, autoAcceptAlerts: false, autoDismissAlerts: false, autoWebview: false, desired: {appActivity: .MainActivity, appPackage: com.jncb.mobile, platformName: Android, reportDirectory: reports, reportFormat: xml, testName: Untitled, udid: 0123456789ABCDEF, unicodeKeyboard: True}, device.category: PHONE, device.majorVersion: 5.x, device.manufacture: ZTE, device.model: DIGICEL DL910, device.name: DIGICEL DL910, device.os: Android, device.screenSize: 480x854, device.serialNumber: 0123456789ABCDEF, device.version: 5.0, dontGoHomeOnQuit: false, dontStopAppOnReset: false, fullReset: false, instrumentApp: false, javascriptEnabled: true, keystorePath: ~/.android/debug.keystore, noReset: false, platform: ANDROID, platformName: ANDROID, projectName: , reportDirectory: reports, reportFormat: xml, reportUrl: C:\Users\vermas\appiumstudi..., reservationDuration: 240, testName: Untitled, udid: 0123456789ABCDEF, unicodeKeyboard: True, useKeystore: false, waitForDeviceTimeout: 120000}Session ID: 175f4809-1809-477b-b799-61d97d625208at sun.reflect.NativeConstructorAccessorImpl.newInstance0(Native Method)at sun.reflect.NativeConstructorAccessorImpl.newInstance(NativeConstructorAccessorImpl.java:62)at sun.reflect.DelegatingConstructorAccessorImpl.newInstance(DelegatingConstructorAccessorImpl.java:45)at java.lang.reflect.Constructor.newInstance(Constructor.java:423)at org.openqa.selenium.remote.ErrorHandler.createThrowable(ErrorHandler.java:214)at org.openqa.selenium.remote.ErrorHandler.throwIfResponseFailed(ErrorHandler.java:166)at org.openqa.selenium.remote.http.JsonHttpResponseCodec.reconstructValue(JsonHttpResponseCodec.java:40)at org.openqa.selenium.remote.http.AbstractHttpResponseCodec.decode(AbstractHttpResponseCodec.java:80)at org.openqa.selenium.remote.http.AbstractHttpResponseCodec.decode(AbstractHttpResponseCodec.java:44)at org.openqa.selenium.remote.HttpCommandExecutor.execute(HttpCommandExecutor.java:164)at io.appium.java_client.remote.AppiumCommandExecutor.execute(AppiumCommandExecutor.java:89)at org.openqa.selenium.remote.RemoteWebDriver.execute(RemoteWebDriver.java:601)at io.appium.java_client.DefaultGenericMobileDriver.execute(DefaultGenericMobileDriver.java:46)at io.appium.java_client.AppiumDriver.execute(AppiumDriver.java:1)at io.appium.java_client.android.AndroidDriver.execute(AndroidDriver.java:1)at io.appium.java_client.InteractsWithApps.resetApp(InteractsWithApps.java:65)at com.library.Common.reset(Common.java:294)at com.testscripts.TestCases.errorHandlingMetoYouBalanceAndExceed(TestCases.java:486)at sun.reflect.NativeMethodAccessorImpl.invoke0(Native Method)at sun.reflect.NativeMethodAccessorImpl.invoke(NativeMethodAccessorImpl.java:62)at sun.reflect.DelegatingMethodAccessorImpl.invoke(DelegatingMethodAccessorImpl.java:43)at java.lang.reflect.Method.invoke(Method.java:498)at org.testng.internal.MethodInvocationHelper.invokeMethod(MethodInvocationHelper.java:124)at org.testng.internal.Invoker.invokeMethod(Invoker.java:571)at org.testng.internal.Invoker.invokeTestMethod(Invoker.java:707)at org.testng.internal.Invoker.invokeTestMethods(Invoker.java:979)at org.testng.internal.TestMethodWorker.invokeTestMethods(TestMethodWorker.java:125)at org.testng.internal.TestMethodWorker.run(TestMethodWorker.java:109)at org.testng.TestRunner.privateRun(TestRunner.java:648)at org.testng.TestRunner.run(TestRunner.java:505)at org.testng.SuiteRunner.runTest(SuiteRunner.java:455)at org.testng.SuiteRunner.runSequentially(SuiteRunner.java:450)at org.testng.SuiteRunner.privateRun(SuiteRunner.java:415)at org.testng.SuiteRunner.run(SuiteRunner.java:364)at org.testng.SuiteRunnerWorker.runSuite(SuiteRunnerWorker.java:52)at org.testng.SuiteRunnerWorker.run(SuiteRunnerWorker.java:84)at org.testng.TestNG.runSuitesSequentially(TestNG.java:1187)at org.testng.TestNG.runSuitesLocally(TestNG.java:1116)at org.testng.TestNG.runSuites(TestNG.java:1028)at org.testng.TestNG.run(TestNG.java:996)at org.testng.remote.AbstractRemoteTestNG.run(AbstractRemoteTestNG.java:114)at org.testng.remote.RemoteTestNG.initAndRun(RemoteTestNG.java:251)at org.testng.remote.RemoteTestNG.main(RemoteTestNG.java:77)]]>
    </failure>
  </testcase> <!-- errorHandlingMetoYouBalanceAndExceed -->
  <testcase name="errorHandlingMetoYouOopsMessage" time="0.009" classname="com.testscripts.TestCases">
    <failure type="org.openqa.selenium.WebDriverException" message="unknown error (An unknown server-side error occurred. status=&amp;apos;false&amp;apos;. Failed to complete internal method: &amp;apos;applicationClose args: [com.jncb.mobile]&amp;apos;, details: Failed to close the applicationThe device is offline: null)  (WARNING: The server did not provide any stacktrace information)
Command duration or timeout: 0 milliseconds
Build info: version: &amp;apos;3.8.1&amp;apos;, revision: &amp;apos;6e95a6684b&amp;apos;, time: &amp;apos;2017-12-01T18:33:54.468Z&amp;apos;
System info: host: &amp;apos;MGGG0HH2&amp;apos;, ip: &amp;apos;10.149.250.196&amp;apos;, os.name: &amp;apos;Windows 7&amp;apos;, os.arch: &amp;apos;amd64&amp;apos;, os.version: &amp;apos;6.1&amp;apos;, java.version: &amp;apos;1.8.0_152&amp;apos;
Driver info: io.appium.java_client.android.AndroidDriver
Capabilities {appActivity: .MainActivity, appPackage: com.jncb.mobile, autoAcceptAlerts: false, autoDismissAlerts: false, autoWebview: false, desired: {appActivity: .MainActivity, appPackage: com.jncb.mobile, platformName: Android, reportDirectory: reports, reportFormat: xml, testName: Untitled, udid: 0123456789ABCDEF, unicodeKeyboard: True}, device.category: PHONE, device.majorVersion: 5.x, device.manufacture: ZTE, device.model: DIGICEL DL910, device.name: DIGICEL DL910, device.os: Android, device.screenSize: 480x854, device.serialNumber: 0123456789ABCDEF, device.version: 5.0, dontGoHomeOnQuit: false, dontStopAppOnReset: false, fullReset: false, instrumentApp: false, javascriptEnabled: true, keystorePath: ~/.android/debug.keystore, noReset: false, platform: ANDROID, platformName: ANDROID, projectName: , reportDirectory: reports, reportFormat: xml, reportUrl: C:\Users\vermas\appiumstudi..., reservationDuration: 240, testName: Untitled, udid: 0123456789ABCDEF, unicodeKeyboard: True, useKeystore: false, waitForDeviceTimeout: 120000}
Session ID: 175f4809-1809-477b-b799-61d97d625208">
      <![CDATA[org.openqa.selenium.WebDriverException: unknown error (An unknown server-side error occurred. status='false'. Failed to complete internal method: 'applicationClose args: [com.jncb.mobile]', details: Failed to close the applicationThe device is offline: null)  (WARNING: The server did not provide any stacktrace information)Command duration or timeout: 0 millisecondsBuild info: version: '3.8.1', revision: '6e95a6684b', time: '2017-12-01T18:33:54.468Z'System info: host: 'MGGG0HH2', ip: '10.149.250.196', os.name: 'Windows 7', os.arch: 'amd64', os.version: '6.1', java.version: '1.8.0_152'Driver info: io.appium.java_client.android.AndroidDriverCapabilities {appActivity: .MainActivity, appPackage: com.jncb.mobile, autoAcceptAlerts: false, autoDismissAlerts: false, autoWebview: false, desired: {appActivity: .MainActivity, appPackage: com.jncb.mobile, platformName: Android, reportDirectory: reports, reportFormat: xml, testName: Untitled, udid: 0123456789ABCDEF, unicodeKeyboard: True}, device.category: PHONE, device.majorVersion: 5.x, device.manufacture: ZTE, device.model: DIGICEL DL910, device.name: DIGICEL DL910, device.os: Android, device.screenSize: 480x854, device.serialNumber: 0123456789ABCDEF, device.version: 5.0, dontGoHomeOnQuit: false, dontStopAppOnReset: false, fullReset: false, instrumentApp: false, javascriptEnabled: true, keystorePath: ~/.android/debug.keystore, noReset: false, platform: ANDROID, platformName: ANDROID, projectName: , reportDirectory: reports, reportFormat: xml, reportUrl: C:\Users\vermas\appiumstudi..., reservationDuration: 240, testName: Untitled, udid: 0123456789ABCDEF, unicodeKeyboard: True, useKeystore: false, waitForDeviceTimeout: 120000}Session ID: 175f4809-1809-477b-b799-61d97d625208at sun.reflect.NativeConstructorAccessorImpl.newInstance0(Native Method)at sun.reflect.NativeConstructorAccessorImpl.newInstance(NativeConstructorAccessorImpl.java:62)at sun.reflect.DelegatingConstructorAccessorImpl.newInstance(DelegatingConstructorAccessorImpl.java:45)at java.lang.reflect.Constructor.newInstance(Constructor.java:423)at org.openqa.selenium.remote.ErrorHandler.createThrowable(ErrorHandler.java:214)at org.openqa.selenium.remote.ErrorHandler.throwIfResponseFailed(ErrorHandler.java:166)at org.openqa.selenium.remote.http.JsonHttpResponseCodec.reconstructValue(JsonHttpResponseCodec.java:40)at org.openqa.selenium.remote.http.AbstractHttpResponseCodec.decode(AbstractHttpResponseCodec.java:80)at org.openqa.selenium.remote.http.AbstractHttpResponseCodec.decode(AbstractHttpResponseCodec.java:44)at org.openqa.selenium.remote.HttpCommandExecutor.execute(HttpCommandExecutor.java:164)at io.appium.java_client.remote.AppiumCommandExecutor.execute(AppiumCommandExecutor.java:89)at org.openqa.selenium.remote.RemoteWebDriver.execute(RemoteWebDriver.java:601)at io.appium.java_client.DefaultGenericMobileDriver.execute(DefaultGenericMobileDriver.java:46)at io.appium.java_client.AppiumDriver.execute(AppiumDriver.java:1)at io.appium.java_client.android.AndroidDriver.execute(AndroidDriver.java:1)at io.appium.java_client.InteractsWithApps.resetApp(InteractsWithApps.java:65)at com.library.Common.reset(Common.java:294)at com.testscripts.TestCases.errorHandlingMetoYouOopsMessage(TestCases.java:512)at sun.reflect.NativeMethodAccessorImpl.invoke0(Native Method)at sun.reflect.NativeMethodAccessorImpl.invoke(NativeMethodAccessorImpl.java:62)at sun.reflect.DelegatingMethodAccessorImpl.invoke(DelegatingMethodAccessorImpl.java:43)at java.lang.reflect.Method.invoke(Method.java:498)at org.testng.internal.MethodInvocationHelper.invokeMethod(MethodInvocationHelper.java:124)at org.testng.internal.Invoker.invokeMethod(Invoker.java:571)at org.testng.internal.Invoker.invokeTestMethod(Invoker.java:707)at org.testng.internal.Invoker.invokeTestMethods(Invoker.java:979)at org.testng.internal.TestMethodWorker.invokeTestMethods(TestMethodWorker.java:125)at org.testng.internal.TestMethodWorker.run(TestMethodWorker.java:109)at org.testng.TestRunner.privateRun(TestRunner.java:648)at org.testng.TestRunner.run(TestRunner.java:505)at org.testng.SuiteRunner.runTest(SuiteRunner.java:455)at org.testng.SuiteRunner.runSequentially(SuiteRunner.java:450)at org.testng.SuiteRunner.privateRun(SuiteRunner.java:415)at org.testng.SuiteRunner.run(SuiteRunner.java:364)at org.testng.SuiteRunnerWorker.runSuite(SuiteRunnerWorker.java:52)at org.testng.SuiteRunnerWorker.run(SuiteRunnerWorker.java:84)at org.testng.TestNG.runSuitesSequentially(TestNG.java:1187)at org.testng.TestNG.runSuitesLocally(TestNG.java:1116)at org.testng.TestNG.runSuites(TestNG.java:1028)at org.testng.TestNG.run(TestNG.java:996)at org.testng.remote.AbstractRemoteTestNG.run(AbstractRemoteTestNG.java:114)at org.testng.remote.RemoteTestNG.initAndRun(RemoteTestNG.java:251)at org.testng.remote.RemoteTestNG.main(RemoteTestNG.java:77)]]>
    </failure>
  </testcase> <!-- errorHandlingMetoYouOopsMessage -->
  <testcase name="errorHandlingMetoYouRestriction" time="0.011" classname="com.testscripts.TestCases">
    <failure type="org.openqa.selenium.WebDriverException" message="unknown error (An unknown server-side error occurred. status=&amp;apos;false&amp;apos;. Failed to complete internal method: &amp;apos;applicationClose args: [com.jncb.mobile]&amp;apos;, details: Failed to close the applicationThe device is offline: null)  (WARNING: The server did not provide any stacktrace information)
Command duration or timeout: 0 milliseconds
Build info: version: &amp;apos;3.8.1&amp;apos;, revision: &amp;apos;6e95a6684b&amp;apos;, time: &amp;apos;2017-12-01T18:33:54.468Z&amp;apos;
System info: host: &amp;apos;MGGG0HH2&amp;apos;, ip: &amp;apos;10.149.250.196&amp;apos;, os.name: &amp;apos;Windows 7&amp;apos;, os.arch: &amp;apos;amd64&amp;apos;, os.version: &amp;apos;6.1&amp;apos;, java.version: &amp;apos;1.8.0_152&amp;apos;
Driver info: io.appium.java_client.android.AndroidDriver
Capabilities {appActivity: .MainActivity, appPackage: com.jncb.mobile, autoAcceptAlerts: false, autoDismissAlerts: false, autoWebview: false, desired: {appActivity: .MainActivity, appPackage: com.jncb.mobile, platformName: Android, reportDirectory: reports, reportFormat: xml, testName: Untitled, udid: 0123456789ABCDEF, unicodeKeyboard: True}, device.category: PHONE, device.majorVersion: 5.x, device.manufacture: ZTE, device.model: DIGICEL DL910, device.name: DIGICEL DL910, device.os: Android, device.screenSize: 480x854, device.serialNumber: 0123456789ABCDEF, device.version: 5.0, dontGoHomeOnQuit: false, dontStopAppOnReset: false, fullReset: false, instrumentApp: false, javascriptEnabled: true, keystorePath: ~/.android/debug.keystore, noReset: false, platform: ANDROID, platformName: ANDROID, projectName: , reportDirectory: reports, reportFormat: xml, reportUrl: C:\Users\vermas\appiumstudi..., reservationDuration: 240, testName: Untitled, udid: 0123456789ABCDEF, unicodeKeyboard: True, useKeystore: false, waitForDeviceTimeout: 120000}
Session ID: 175f4809-1809-477b-b799-61d97d625208">
      <![CDATA[org.openqa.selenium.WebDriverException: unknown error (An unknown server-side error occurred. status='false'. Failed to complete internal method: 'applicationClose args: [com.jncb.mobile]', details: Failed to close the applicationThe device is offline: null)  (WARNING: The server did not provide any stacktrace information)Command duration or timeout: 0 millisecondsBuild info: version: '3.8.1', revision: '6e95a6684b', time: '2017-12-01T18:33:54.468Z'System info: host: 'MGGG0HH2', ip: '10.149.250.196', os.name: 'Windows 7', os.arch: 'amd64', os.version: '6.1', java.version: '1.8.0_152'Driver info: io.appium.java_client.android.AndroidDriverCapabilities {appActivity: .MainActivity, appPackage: com.jncb.mobile, autoAcceptAlerts: false, autoDismissAlerts: false, autoWebview: false, desired: {appActivity: .MainActivity, appPackage: com.jncb.mobile, platformName: Android, reportDirectory: reports, reportFormat: xml, testName: Untitled, udid: 0123456789ABCDEF, unicodeKeyboard: True}, device.category: PHONE, device.majorVersion: 5.x, device.manufacture: ZTE, device.model: DIGICEL DL910, device.name: DIGICEL DL910, device.os: Android, device.screenSize: 480x854, device.serialNumber: 0123456789ABCDEF, device.version: 5.0, dontGoHomeOnQuit: false, dontStopAppOnReset: false, fullReset: false, instrumentApp: false, javascriptEnabled: true, keystorePath: ~/.android/debug.keystore, noReset: false, platform: ANDROID, platformName: ANDROID, projectName: , reportDirectory: reports, reportFormat: xml, reportUrl: C:\Users\vermas\appiumstudi..., reservationDuration: 240, testName: Untitled, udid: 0123456789ABCDEF, unicodeKeyboard: True, useKeystore: false, waitForDeviceTimeout: 120000}Session ID: 175f4809-1809-477b-b799-61d97d625208at sun.reflect.NativeConstructorAccessorImpl.newInstance0(Native Method)at sun.reflect.NativeConstructorAccessorImpl.newInstance(NativeConstructorAccessorImpl.java:62)at sun.reflect.DelegatingConstructorAccessorImpl.newInstance(DelegatingConstructorAccessorImpl.java:45)at java.lang.reflect.Constructor.newInstance(Constructor.java:423)at org.openqa.selenium.remote.ErrorHandler.createThrowable(ErrorHandler.java:214)at org.openqa.selenium.remote.ErrorHandler.throwIfResponseFailed(ErrorHandler.java:166)at org.openqa.selenium.remote.http.JsonHttpResponseCodec.reconstructValue(JsonHttpResponseCodec.java:40)at org.openqa.selenium.remote.http.AbstractHttpResponseCodec.decode(AbstractHttpResponseCodec.java:80)at org.openqa.selenium.remote.http.AbstractHttpResponseCodec.decode(AbstractHttpResponseCodec.java:44)at org.openqa.selenium.remote.HttpCommandExecutor.execute(HttpCommandExecutor.java:164)at io.appium.java_client.remote.AppiumCommandExecutor.execute(AppiumCommandExecutor.java:89)at org.openqa.selenium.remote.RemoteWebDriver.execute(RemoteWebDriver.java:601)at io.appium.java_client.DefaultGenericMobileDriver.execute(DefaultGenericMobileDriver.java:46)at io.appium.java_client.AppiumDriver.execute(AppiumDriver.java:1)at io.appium.java_client.android.AndroidDriver.execute(AndroidDriver.java:1)at io.appium.java_client.InteractsWithApps.resetApp(InteractsWithApps.java:65)at com.library.Common.reset(Common.java:294)at com.testscripts.TestCases.errorHandlingMetoYouRestriction(TestCases.java:499)at sun.reflect.NativeMethodAccessorImpl.invoke0(Native Method)at sun.reflect.NativeMethodAccessorImpl.invoke(NativeMethodAccessorImpl.java:62)at sun.reflect.DelegatingMethodAccessorImpl.invoke(DelegatingMethodAccessorImpl.java:43)at java.lang.reflect.Method.invoke(Method.java:498)at org.testng.internal.MethodInvocationHelper.invokeMethod(MethodInvocationHelper.java:124)at org.testng.internal.Invoker.invokeMethod(Invoker.java:571)at org.testng.internal.Invoker.invokeTestMethod(Invoker.java:707)at org.testng.internal.Invoker.invokeTestMethods(Invoker.java:979)at org.testng.internal.TestMethodWorker.invokeTestMethods(TestMethodWorker.java:125)at org.testng.internal.TestMethodWorker.run(TestMethodWorker.java:109)at org.testng.TestRunner.privateRun(TestRunner.java:648)at org.testng.TestRunner.run(TestRunner.java:505)at org.testng.SuiteRunner.runTest(SuiteRunner.java:455)at org.testng.SuiteRunner.runSequentially(SuiteRunner.java:450)at org.testng.SuiteRunner.privateRun(SuiteRunner.java:415)at org.testng.SuiteRunner.run(SuiteRunner.java:364)at org.testng.SuiteRunnerWorker.runSuite(SuiteRunnerWorker.java:52)at org.testng.SuiteRunnerWorker.run(SuiteRunnerWorker.java:84)at org.testng.TestNG.runSuitesSequentially(TestNG.java:1187)at org.testng.TestNG.runSuitesLocally(TestNG.java:1116)at org.testng.TestNG.runSuites(TestNG.java:1028)at org.testng.TestNG.run(TestNG.java:996)at org.testng.remote.AbstractRemoteTestNG.run(AbstractRemoteTestNG.java:114)at org.testng.remote.RemoteTestNG.initAndRun(RemoteTestNG.java:251)at org.testng.remote.RemoteTestNG.main(RemoteTestNG.java:77)]]>
    </failure>
  </testcase> <!-- errorHandlingMetoYouRestriction -->
  <testcase name="feedBackButton" time="0.011" classname="com.testscripts.TestCases">
    <failure type="org.openqa.selenium.WebDriverException" message="unknown error (An unknown server-side error occurred. status=&amp;apos;false&amp;apos;. Failed to complete internal method: &amp;apos;applicationClose args: [com.jncb.mobile]&amp;apos;, details: Failed to close the applicationThe device is offline: null)  (WARNING: The server did not provide any stacktrace information)
Command duration or timeout: 0 milliseconds
Build info: version: &amp;apos;3.8.1&amp;apos;, revision: &amp;apos;6e95a6684b&amp;apos;, time: &amp;apos;2017-12-01T18:33:54.468Z&amp;apos;
System info: host: &amp;apos;MGGG0HH2&amp;apos;, ip: &amp;apos;10.149.250.196&amp;apos;, os.name: &amp;apos;Windows 7&amp;apos;, os.arch: &amp;apos;amd64&amp;apos;, os.version: &amp;apos;6.1&amp;apos;, java.version: &amp;apos;1.8.0_152&amp;apos;
Driver info: io.appium.java_client.android.AndroidDriver
Capabilities {appActivity: .MainActivity, appPackage: com.jncb.mobile, autoAcceptAlerts: false, autoDismissAlerts: false, autoWebview: false, desired: {appActivity: .MainActivity, appPackage: com.jncb.mobile, platformName: Android, reportDirectory: reports, reportFormat: xml, testName: Untitled, udid: 0123456789ABCDEF, unicodeKeyboard: True}, device.category: PHONE, device.majorVersion: 5.x, device.manufacture: ZTE, device.model: DIGICEL DL910, device.name: DIGICEL DL910, device.os: Android, device.screenSize: 480x854, device.serialNumber: 0123456789ABCDEF, device.version: 5.0, dontGoHomeOnQuit: false, dontStopAppOnReset: false, fullReset: false, instrumentApp: false, javascriptEnabled: true, keystorePath: ~/.android/debug.keystore, noReset: false, platform: ANDROID, platformName: ANDROID, projectName: , reportDirectory: reports, reportFormat: xml, reportUrl: C:\Users\vermas\appiumstudi..., reservationDuration: 240, testName: Untitled, udid: 0123456789ABCDEF, unicodeKeyboard: True, useKeystore: false, waitForDeviceTimeout: 120000}
Session ID: 175f4809-1809-477b-b799-61d97d625208">
      <![CDATA[org.openqa.selenium.WebDriverException: unknown error (An unknown server-side error occurred. status='false'. Failed to complete internal method: 'applicationClose args: [com.jncb.mobile]', details: Failed to close the applicationThe device is offline: null)  (WARNING: The server did not provide any stacktrace information)Command duration or timeout: 0 millisecondsBuild info: version: '3.8.1', revision: '6e95a6684b', time: '2017-12-01T18:33:54.468Z'System info: host: 'MGGG0HH2', ip: '10.149.250.196', os.name: 'Windows 7', os.arch: 'amd64', os.version: '6.1', java.version: '1.8.0_152'Driver info: io.appium.java_client.android.AndroidDriverCapabilities {appActivity: .MainActivity, appPackage: com.jncb.mobile, autoAcceptAlerts: false, autoDismissAlerts: false, autoWebview: false, desired: {appActivity: .MainActivity, appPackage: com.jncb.mobile, platformName: Android, reportDirectory: reports, reportFormat: xml, testName: Untitled, udid: 0123456789ABCDEF, unicodeKeyboard: True}, device.category: PHONE, device.majorVersion: 5.x, device.manufacture: ZTE, device.model: DIGICEL DL910, device.name: DIGICEL DL910, device.os: Android, device.screenSize: 480x854, device.serialNumber: 0123456789ABCDEF, device.version: 5.0, dontGoHomeOnQuit: false, dontStopAppOnReset: false, fullReset: false, instrumentApp: false, javascriptEnabled: true, keystorePath: ~/.android/debug.keystore, noReset: false, platform: ANDROID, platformName: ANDROID, projectName: , reportDirectory: reports, reportFormat: xml, reportUrl: C:\Users\vermas\appiumstudi..., reservationDuration: 240, testName: Untitled, udid: 0123456789ABCDEF, unicodeKeyboard: True, useKeystore: false, waitForDeviceTimeout: 120000}Session ID: 175f4809-1809-477b-b799-61d97d625208at sun.reflect.NativeConstructorAccessorImpl.newInstance0(Native Method)at sun.reflect.NativeConstructorAccessorImpl.newInstance(NativeConstructorAccessorImpl.java:62)at sun.reflect.DelegatingConstructorAccessorImpl.newInstance(DelegatingConstructorAccessorImpl.java:45)at java.lang.reflect.Constructor.newInstance(Constructor.java:423)at org.openqa.selenium.remote.ErrorHandler.createThrowable(ErrorHandler.java:214)at org.openqa.selenium.remote.ErrorHandler.throwIfResponseFailed(ErrorHandler.java:166)at org.openqa.selenium.remote.http.JsonHttpResponseCodec.reconstructValue(JsonHttpResponseCodec.java:40)at org.openqa.selenium.remote.http.AbstractHttpResponseCodec.decode(AbstractHttpResponseCodec.java:80)at org.openqa.selenium.remote.http.AbstractHttpResponseCodec.decode(AbstractHttpResponseCodec.java:44)at org.openqa.selenium.remote.HttpCommandExecutor.execute(HttpCommandExecutor.java:164)at io.appium.java_client.remote.AppiumCommandExecutor.execute(AppiumCommandExecutor.java:89)at org.openqa.selenium.remote.RemoteWebDriver.execute(RemoteWebDriver.java:601)at io.appium.java_client.DefaultGenericMobileDriver.execute(DefaultGenericMobileDriver.java
[...]
Driver info: io.appium.java_client.android.AndroidDriver
Capabilities {appActivity: .MainActivity, appPackage: com.jncb.mobile, autoAcceptAlerts: false, autoDismissAlerts: false, autoWebview: false, desired: {appActivity: .MainActivity, appPackage: com.jncb.mobile, platformName: Android, reportDirectory: reports, reportFormat: xml, testName: Untitled, udid: 0123456789ABCDEF, unicodeKeyboard: True}, device.category: PHONE, device.majorVersion: 5.x, device.manufacture: ZTE, device.model: DIGICEL DL910, device.name: DIGICEL DL910, device.os: Android, device.screenSize: 480x854, device.serialNumber: 0123456789ABCDEF, device.version: 5.0, dontGoHomeOnQuit: false, dontStopAppOnReset: false, fullReset: false, instrumentApp: false, javascriptEnabled: true, keystorePath: ~/.android/debug.keystore, noReset: false, platform: ANDROID, platformName: ANDROID, projectName: , reportDirectory: reports, reportFormat: xml, reportUrl: C:\Users\vermas\appiumstudi..., reservationDuration: 240, testName: Untitled, udid: 0123456789ABCDEF, unicodeKeyboard: True, useKeystore: false, waitForDeviceTimeout: 120000}
Session ID: 175f4809-1809-477b-b799-61d97d625208">
      <![CDATA[org.openqa.selenium.WebDriverException: unknown error (An unknown server-side error occurred. status='false'. Failed to complete internal method: 'applicationClose args: [com.jncb.mobile]', details: Failed to close the applicationThe device is offline: null)  (WARNING: The server did not provide any stacktrace information)Command duration or timeout: 0 millisecondsBuild info: version: '3.8.1', revision: '6e95a6684b', time: '2017-12-01T18:33:54.468Z'System info: host: 'MGGG0HH2', ip: '10.149.250.196', os.name: 'Windows 7', os.arch: 'amd64', os.version: '6.1', java.version: '1.8.0_152'Driver info: io.appium.java_client.android.AndroidDriverCapabilities {appActivity: .MainActivity, appPackage: com.jncb.mobile, autoAcceptAlerts: false, autoDismissAlerts: false, autoWebview: false, desired: {appActivity: .MainActivity, appPackage: com.jncb.mobile, platformName: Android, reportDirectory: reports, reportFormat: xml, testName: Untitled, udid: 0123456789ABCDEF, unicodeKeyboard: True}, device.category: PHONE, device.majorVersion: 5.x, device.manufacture: ZTE, device.model: DIGICEL DL910, device.name: DIGICEL DL910, device.os: Android, device.screenSize: 480x854, device.serialNumber: 0123456789ABCDEF, device.version: 5.0, dontGoHomeOnQuit: false, dontStopAppOnReset: false, fullReset: false, instrumentApp: false, javascriptEnabled: true, keystorePath: ~/.android/debug.keystore, noReset: false, platform: ANDROID, platformName: ANDROID, projectName: , reportDirectory: reports, reportFormat: xml, reportUrl: C:\Users\vermas\appiumstudi..., reservationDuration: 240, testName: Untitled, udid: 0123456789ABCDEF, unicodeKeyboard: True, useKeystore: false, waitForDeviceTimeout: 120000}Session ID: 175f4809-1809-477b-b799-61d97d625208at sun.reflect.GeneratedConstructorAccessor15.newInstance(Unknown Source)at sun.reflect.DelegatingConstructorAccessorImpl.newInstance(DelegatingConstructorAccessorImpl.java:45)at java.lang.reflect.Constructor.newInstance(Constructor.java:423)at org.openqa.selenium.remote.ErrorHandler.createThrowable(ErrorHandler.java:214)at org.openqa.selenium.remote.ErrorHandler.throwIfResponseFailed(ErrorHandler.java:166)at org.openqa.selenium.remote.http.JsonHttpResponseCodec.reconstructValue(JsonHttpResponseCodec.java:40)at org.openqa.selenium.remote.http.AbstractHttpResponseCodec.decode(AbstractHttpResponseCodec.java:80)at org.openqa.selenium.remote.http.AbstractHttpResponseCodec.decode(AbstractHttpResponseCodec.java:44)at org.openqa.selenium.remote.HttpCommandExecutor.execute(HttpCommandExecutor.java:164)at io.appium.java_client.remote.AppiumCommandExecutor.execute(AppiumCommandExecutor.java:89)at org.openqa.selenium.remote.RemoteWebDriver.execute(RemoteWebDriver.java:601)at io.appium.java_client.DefaultGenericMobileDriver.execute(DefaultGenericMobileDriver.java:46)at io.appium.java_client.AppiumDriver.execute(AppiumDriver.java:1)at io.appium.java_client.android.AndroidDriver.execute(AndroidDriver.java:1)at io.appium.java_client.InteractsWithApps.resetApp(InteractsWithApps.java:65)at com.library.Common.reset(Common.java:294)at com.testscripts.TestCases.verifyHomepageOneAccount(TestCases.java:123)at sun.reflect.NativeMethodAccessorImpl.invoke0(Native Method)at sun.reflect.NativeMethodAccessorImpl.invoke(NativeMethodAccessorImpl.java:62)at sun.reflect.DelegatingMethodAccessorImpl.invoke(DelegatingMethodAccessorImpl.java:43)at java.lang.reflect.Method.invoke(Method.java:498)at org.testng.internal.MethodInvocationHelper.invokeMethod(MethodInvocationHelper.java:124)at org.testng.internal.Invoker.invokeMethod(Invoker.java:571)at org.testng.internal.Invoker.invokeTestMethod(Invoker.java:707)at org.testng.internal.Invoker.invokeTestMethods(Invoker.java:979)at org.testng.internal.TestMethodWorker.invokeTestMethods(TestMethodWorker.java:125)at org.testng.internal.TestMethodWorker.run(TestMethodWorker.java:109)at org.testng.TestRunner.privateRun(TestRunner.java:648)at org.testng.TestRunner.run(TestRunner.java:505)at org.testng.SuiteRunner.runTest(SuiteRunner.java:455)at org.testng.SuiteRunner.runSequentially(SuiteRunner.java:450)at org.testng.SuiteRunner.privateRun(SuiteRunner.java:415)at org.testng.SuiteRunner.run(SuiteRunner.java:364)at org.testng.SuiteRunnerWorker.runSuite(SuiteRunnerWorker.java:52)at org.testng.SuiteRunnerWorker.run(SuiteRunnerWorker.java:84)at org.testng.TestNG.runSuitesSequentially(TestNG.java:1187)at org.testng.TestNG.runSuitesLocally(TestNG.java:1116)at org.testng.TestNG.runSuites(TestNG.java:1028)at org.testng.TestNG.run(TestNG.java:996)at org.testng.remote.AbstractRemoteTestNG.run(AbstractRemoteTestNG.java:114)at org.testng.remote.RemoteTestNG.initAndRun(RemoteTestNG.java:251)at org.testng.remote.RemoteTestNG.main(RemoteTestNG.java:77)]]>
    </failure>
  </testcase> <!-- verifyHomepageOneAccount -->
  <testcase name="withLoanBalanceDetails" time="0.02" classname="com.testscripts.TestCases">
    <failure type="org.openqa.selenium.WebDriverException" message="unknown error (An unknown server-side error occurred. status=&amp;apos;false&amp;apos;. Failed to complete internal method: &amp;apos;applicationClose args: [com.jncb.mobile]&amp;apos;, details: Failed to close the applicationThe device is offline: null)  (WARNING: The server did not provide any stacktrace information)
Command duration or timeout: 0 milliseconds
Build info: version: &amp;apos;3.8.1&amp;apos;, revision: &amp;apos;6e95a6684b&amp;apos;, time: &amp;apos;2017-12-01T18:33:54.468Z&amp;apos;
System info: host: &amp;apos;MGGG0HH2&amp;apos;, ip: &amp;apos;10.149.250.196&amp;apos;, os.name: &amp;apos;Windows 7&amp;apos;, os.arch: &amp;apos;amd64&amp;apos;, os.version: &amp;apos;6.1&amp;apos;, java.version: &amp;apos;1.8.0_152&amp;apos;
Driver info: io.appium.java_client.android.AndroidDriver
Capabilities {appActivity: .MainActivity, appPackage: com.jncb.mobile, autoAcceptAlerts: false, autoDismissAlerts: false, autoWebview: false, desired: {appActivity: .MainActivity, appPackage: com.jncb.mobile, platformName: Android, reportDirectory: reports, reportFormat: xml, testName: Untitled, udid: 0123456789ABCDEF, unicodeKeyboard: True}, device.category: PHONE, device.majorVersion: 5.x, device.manufacture: ZTE, device.model: DIGICEL DL910, device.name: DIGICEL DL910, device.os: Android, device.screenSize: 480x854, device.serialNumber: 0123456789ABCDEF, device.version: 5.0, dontGoHomeOnQuit: false, dontStopAppOnReset: false, fullReset: false, instrumentApp: false, javascriptEnabled: true, keystorePath: ~/.android/debug.keystore, noReset: false, platform: ANDROID, platformName: ANDROID, projectName: , reportDirectory: reports, reportFormat: xml, reportUrl: C:\Users\vermas\appiumstudi..., reservationDuration: 240, testName: Untitled, udid: 0123456789ABCDEF, unicodeKeyboard: True, useKeystore: false, waitForDeviceTimeout: 120000}
Session ID: 175f4809-1809-477b-b799-61d97d625208">
      <![CDATA[org.openqa.selenium.WebDriverException: unknown error (An unknown server-side error occurred. status='false'. Failed to complete internal method: 'applicationClose args: [com.jncb.mobile]', details: Failed to close the applicationThe device is offline: null)  (WARNING: The server did not provide any stacktrace information)Command duration or timeout: 0 millisecondsBuild info: version: '3.8.1', revision: '6e95a6684b', time: '2017-12-01T18:33:54.468Z'System info: host: 'MGGG0HH2', ip: '10.149.250.196', os.name: 'Windows 7', os.arch: 'amd64', os.version: '6.1', java.version: '1.8.0_152'Driver info: io.appium.java_client.android.AndroidDriverCapabilities {appActivity: .MainActivity, appPackage: com.jncb.mobile, autoAcceptAlerts: false, autoDismissAlerts: false, autoWebview: false, desired: {appActivity: .MainActivity, appPackage: com.jncb.mobile, platformName: Android, reportDirectory: reports, reportFormat: xml, testName: Untitled, udid: 0123456789ABCDEF, unicodeKeyboard: True}, device.category: PHONE, device.majorVersion: 5.x, device.manufacture: ZTE, device.model: DIGICEL DL910, device.name: DIGICEL DL910, device.os: Android, device.screenSize: 480x854, device.serialNumber: 0123456789ABCDEF, device.version: 5.0, dontGoHomeOnQuit: false, dontStopAppOnReset: false, fullReset: false, instrumentApp: false, javascriptEnabled: true, keystorePath: ~/.android/debug.keystore, noReset: false, platform: ANDROID, platformName: ANDROID, projectName: , reportDirectory: reports, reportFormat: xml, reportUrl: C:\Users\vermas\appiumstudi..., reservationDuration: 240, testName: Untitled, udid: 0123456789ABCDEF, unicodeKeyboard: True, useKeystore: false, waitForDeviceTimeout: 120000}Session ID: 175f4809-1809-477b-b799-61d97d625208at sun.reflect.GeneratedConstructorAccessor15.newInstance(Unknown Source)at sun.reflect.DelegatingConstructorAccessorImpl.newInstance(DelegatingConstructorAccessorImpl.java:45)at java.lang.reflect.Constructor.newInstance(Constructor.java:423)at org.openqa.selenium.remote.ErrorHandler.createThrowable(ErrorHandler.java:214)at org.openqa.selenium.remote.ErrorHandler.throwIfResponseFailed(ErrorHandler.java:166)at org.openqa.selenium.remote.http.JsonHttpResponseCodec.reconstructValue(JsonHttpResponseCodec.java:40)at org.openqa.selenium.remote.http.AbstractHttpResponseCodec.decode(AbstractHttpResponseCodec.java:80)at org.openqa.selenium.remote.http.AbstractHttpResponseCodec.decode(AbstractHttpResponseCodec.java:44)at org.openqa.selenium.remote.HttpCommandExecutor.execute(HttpCommandExecutor.java:164)at io.appium.java_client.remote.AppiumCommandExecutor.execute(AppiumCommandExecutor.java:89)at org.openqa.selenium.remote.RemoteWebDriver.execute(RemoteWebDriver.java:601)at io.appium.java_client.DefaultGenericMobileDriver.execute(DefaultGenericMobileDriver.java:46)at io.appium.java_client.AppiumDriver.execute(AppiumDriver.java:1)at io.appium.java_client.android.AndroidDriver.execute(AndroidDriver.java:1)at io.appium.java_client.InteractsWithApps.resetApp(InteractsWithApps.java:65)at com.library.Common.reset(Common.java:294)at com.testscripts.TestCases.withLoanBalanceDetails(TestCases.java:169)at sun.reflect.NativeMethodAccessorImpl.invoke0(Native Method)at sun.reflect.NativeMethodAccessorImpl.invoke(NativeMethodAccessorImpl.java:62)at sun.reflect.DelegatingMethodAccessorImpl.invoke(DelegatingMethodAccessorImpl.java:43)at java.lang.reflect.Method.invoke(Method.java:498)at org.testng.internal.MethodInvocationHelper.invokeMethod(MethodInvocationHelper.java:124)at org.testng.internal.Invoker.invokeMethod(Invoker.java:571)at org.testng.internal.Invoker.invokeTestMethod(Invoker.java:707)at org.testng.internal.Invoker.invokeTestMethods(Invoker.java:979)at org.testng.internal.TestMethodWorker.invokeTestMethods(TestMethodWorker.java:125)at org.testng.internal.TestMethodWorker.run(TestMethodWorker.java:109)at org.testng.TestRunner.privateRun(TestRunner.java:648)at org.testng.TestRunner.run(TestRunner.java:505)at org.testng.SuiteRunner.runTest(SuiteRunner.java:455)at org.testng.SuiteRunner.runSequentially(SuiteRunner.java:450)at org.testng.SuiteRunner.privateRun(SuiteRunner.java:415)at org.testng.SuiteRunner.run(SuiteRunner.java:364)at org.testng.SuiteRunnerWorker.runSuite(SuiteRunnerWorker.java:52)at org.testng.SuiteRunnerWorker.run(SuiteRunnerWorker.java:84)at org.testng.TestNG.runSuitesSequentially(TestNG.java:1187)at org.testng.TestNG.runSuitesLocally(TestNG.java:1116)at org.testng.TestNG.runSuites(TestNG.java:1028)at org.testng.TestNG.run(TestNG.java:996)at org.testng.remote.AbstractRemoteTestNG.run(AbstractRemoteTestNG.java:114)at org.testng.remote.RemoteTestNG.initAndRun(RemoteTestNG.java:251)at org.testng.remote.RemoteTestNG.main(RemoteTestNG.java:77)]]>
    </failure>
  </testcase> <!-- withLoanBalanceDetails -->
  <testcase name="zeroLoanBalanceDetails" time="0.017" classname="com.testscripts.TestCases">
    <failure type="org.openqa.selenium.WebDriverException" message="unknown error (An unknown server-side error occurred. status=&amp;apos;false&amp;apos;. Failed to complete internal method: &amp;apos;applicationClose args: [com.jncb.mobile]&amp;apos;, details: Failed to close the applicationThe device is offline: null)  (WARNING: The server did not provide any stacktrace information)
Command duration or timeout: 0 milliseconds
Build info: version: &amp;apos;3.8.1&amp;apos;, revision: &amp;apos;6e95a6684b&amp;apos;, time: &amp;apos;2017-12-01T18:33:54.468Z&amp;apos;
System info: host: &amp;apos;MGGG0HH2&amp;apos;, ip: &amp;apos;10.149.250.196&amp;apos;, os.name: &amp;apos;Windows 7&amp;apos;, os.arch: &amp;apos;amd64&amp;apos;, os.version: &amp;apos;6.1&amp;apos;, java.version: &amp;apos;1.8.0_152&amp;apos;
Driver info: io.appium.java_client.android.AndroidDriver
Capabilities {appActivity: .MainActivity, appPackage: com.jncb.mobile, autoAcceptAlerts: false, autoDismissAlerts: false, autoWebview: false, desired: {appActivity: .MainActivity, appPackage: com.jncb.mobile, platformName: Android, reportDirectory: reports, reportFormat: xml, testName: Untitled, udid: 0123456789ABCDEF, unicodeKeyboard: True}, device.category: PHONE, device.majorVersion: 5.x, device.manufacture: ZTE, device.model: DIGICEL DL910, device.name: DIGICEL DL910, device.os: Android, device.screenSize: 480x854, device.serialNumber: 0123456789ABCDEF, device.version: 5.0, dontGoHomeOnQuit: false, dontStopAppOnReset: false, fullReset: false, instrumentApp: false, javascriptEnabled: true, keystorePath: ~/.android/debug.keystore, noReset: false, platform: ANDROID, platformName: ANDROID, projectName: , reportDirectory: reports, reportFormat: xml, reportUrl: C:\Users\vermas\appiumstudi..., reservationDuration: 240, testName: Untitled, udid: 0123456789ABCDEF, unicodeKeyboard: True, useKeystore: false, waitForDeviceTimeout: 120000}
Session ID: 175f4809-1809-477b-b799-61d97d625208">
      <![CDATA[org.openqa.selenium.WebDriverException: unknown error (An unknown server-side error occurred. status='false'. Failed to complete internal method: 'applicationClose args: [com.jncb.mobile]', details: Failed to close the applicationThe device is offline: null)  (WARNING: The server did not provide any stacktrace information)Command duration or timeout: 0 millisecondsBuild info: version: '3.8.1', revision: '6e95a6684b', time: '2017-12-01T18:33:54.468Z'System info: host: 'MGGG0HH2', ip: '10.149.250.196', os.name: 'Windows 7', os.arch: 'amd64', os.version: '6.1', java.version: '1.8.0_152'Driver info: io.appium.java_client.android.AndroidDriverCapabilities {appActivity: .MainActivity, appPackage: com.jncb.mobile, autoAcceptAlerts: false, autoDismissAlerts: false, autoWebview: false, desired: {appActivity: .MainActivity, appPackage: com.jncb.mobile, platformName: Android, reportDirectory: reports, reportFormat: xml, testName: Untitled, udid: 0123456789ABCDEF, unicodeKeyboard: True}, device.category: PHONE, device.majorVersion: 5.x, device.manufacture: ZTE, device.model: DIGICEL DL910, device.name: DIGICEL DL910, device.os: Android, device.screenSize: 480x854, device.serialNumber: 0123456789ABCDEF, device.version: 5.0, dontGoHomeOnQuit: false, dontStopAppOnReset: false, fullReset: false, instrumentApp: false, javascriptEnabled: true, keystorePath: ~/.android/debug.keystore, noReset: false, platform: ANDROID, platformName: ANDROID, projectName: , reportDirectory: reports, reportFormat: xml, reportUrl: C:\Users\vermas\appiumstudi..., reservationDuration: 240, testName: Untitled, udid: 0123456789ABCDEF, unicodeKeyboard: True, useKeystore: false, waitForDeviceTimeout: 120000}Session ID: 175f4809-1809-477b-b799-61d97d625208at sun.reflect.GeneratedConstructorAccessor15.newInstance(Unknown Source)at sun.reflect.DelegatingConstructorAccessorImpl.newInstance(DelegatingConstructorAccessorImpl.java:45)at java.lang.reflect.Constructor.newInstance(Constructor.java:423)at org.openqa.selenium.remote.ErrorHandler.createThrowable(ErrorHandler.java:214)at org.openqa.selenium.remote.ErrorHandler.throwIfResponseFailed(ErrorHandler.java:166)at org.openqa.selenium.remote.http.JsonHttpResponseCodec.reconstructValue(JsonHttpResponseCodec.java:40)at org.openqa.selenium.remote.http.AbstractHttpResponseCodec.decode(AbstractHttpResponseCodec.java:80)at org.openqa.selenium.remote.http.AbstractHttpResponseCodec.decode(AbstractHttpResponseCodec.java:44)at org.openqa.selenium.remote.HttpCommandExecutor.execute(HttpCommandExecutor.java:164)at io.appium.java_client.remote.AppiumCommandExecutor.execute(AppiumCommandExecutor.java:89)at org.openqa.selenium.remote.RemoteWebDriver.execute(RemoteWebDriver.java:601)at io.appium.java_client.DefaultGenericMobileDriver.execute(DefaultGenericMobileDriver.java:46)at io.appium.java_client.AppiumDriver.execute(AppiumDriver.java:1)at io.appium.java_client.android.AndroidDriver.execute(AndroidDriver.java:1)at io.appium.java_client.InteractsWithApps.resetApp(InteractsWithApps.java:65)at com.library.Common.reset(Common.java:294)at com.testscripts.TestCases.zeroLoanBalanceDetails(TestCases.java:184)at sun.reflect.NativeMethodAccessorImpl.invoke0(Native Method)at sun.reflect.NativeMethodAccessorImpl.invoke(NativeMethodAccessorImpl.java:62)at sun.reflect.DelegatingMethodAccessorImpl.invoke(DelegatingMethodAccessorImpl.java:43)at java.lang.reflect.Method.invoke(Method.java:498)at org.testng.internal.MethodInvocationHelper.invokeMethod(MethodInvocationHelper.java:124)at org.testng.internal.Invoker.invokeMethod(Invoker.java:571)at org.testng.internal.Invoker.invokeTestMethod(Invoker.java:707)at org.testng.internal.Invoker.invokeTestMethods(Invoker.java:979)at org.testng.internal.TestMethodWorker.invokeTestMethods(TestMethodWorker.java:125)at org.testng.internal.TestMethodWorker.run(TestMethodWorker.java:109)at org.testng.TestRunner.privateRun(TestRunner.java:648)at org.testng.TestRunner.run(TestRunner.java:505)at org.testng.SuiteRunner.runTest(SuiteRunner.java:455)at org.testng.SuiteRunner.runSequentially(SuiteRunner.java:450)at org.testng.SuiteRunner.privateRun(SuiteRunner.java:415)at org.testng.SuiteRunner.run(SuiteRunner.java:364)at org.testng.SuiteRunnerWorker.runSuite(SuiteRunnerWorker.java:52)at org.testng.SuiteRunnerWorker.run(SuiteRunnerWorker.java:84)at org.testng.TestNG.runSuitesSequentially(TestNG.java:1187)at org.testng.TestNG.runSuitesLocally(TestNG.java:1116)at org.testng.TestNG.runSuites(TestNG.java:1028)at org.testng.TestNG.run(TestNG.java:996)at org.testng.remote.AbstractRemoteTestNG.run(AbstractRemoteTestNG.java:114)at org.testng.remote.RemoteTestNG.initAndRun(RemoteTestNG.java:251)at org.testng.remote.RemoteTestNG.main(RemoteTestNG.java:77)]]>
    </failure>
  </testcase> <!-- zeroLoanBalanceDetails -->
</testsuite> <!-- Default test -->
