<?xml version="1.0" encoding="UTF-8"?>
<!-- Generated by org.testng.reporters.JUnitXMLReporter -->
<testsuite hostname="MGGG0HH2" ignored="0" name="Default test" tests="55" failures="0" timestamp="02 Jul 2018 14:12:15 GMT" time="0.285" errors="0">
  <testcase name="@BeforeSuite openApp" time="3.506" classname="com.testscripts.TestCases">
    <failure type="org.openqa.selenium.WebDriverException" message="Connection refused: connect
Build info: version: &amp;apos;3.11.0&amp;apos;, revision: &amp;apos;e59cfb3&amp;apos;, time: &amp;apos;2018-03-11T20:26:55.152Z&amp;apos;
System info: host: &amp;apos;MGGG0HH2&amp;apos;, ip: &amp;apos;10.149.250.224&amp;apos;, os.name: &amp;apos;Windows 7&amp;apos;, os.arch: &amp;apos;amd64&amp;apos;, os.version: &amp;apos;6.1&amp;apos;, java.version: &amp;apos;1.8.0_152&amp;apos;
Driver info: driver.version: AndroidDriver">
      <![CDATA[org.openqa.selenium.WebDriverException: Connection refused: connect
Build info: version: '3.11.0', revision: 'e59cfb3', time: '2018-03-11T20:26:55.152Z'
System info: host: 'MGGG0HH2', ip: '10.149.250.224', os.name: 'Windows 7', os.arch: 'amd64', os.version: '6.1', java.version: '1.8.0_152'
Driver info: driver.version: AndroidDriver
at io.appium.java_client.remote.AppiumCommandExecutor.lambda$2(AppiumCommandExecutor.java:141)
at java.util.Optional.orElseGet(Optional.java:267)
at io.appium.java_client.remote.AppiumCommandExecutor.execute(AppiumCommandExecutor.java:140)
at org.openqa.selenium.remote.RemoteWebDriver.execute(RemoteWebDriver.java:545)
at io.appium.java_client.DefaultGenericMobileDriver.execute(DefaultGenericMobileDriver.java:42)
at io.appium.java_client.AppiumDriver.execute(AppiumDriver.java:1)
at io.appium.java_client.android.AndroidDriver.execute(AndroidDriver.java:1)
at org.openqa.selenium.remote.RemoteWebDriver.startSession(RemoteWebDriver.java:209)
at org.openqa.selenium.remote.RemoteWebDriver.<init>(RemoteWebDriver.java:132)
at io.appium.java_client.DefaultGenericMobileDriver.<init>(DefaultGenericMobileDriver.java:38)
at io.appium.java_client.AppiumDriver.<init>(AppiumDriver.java:84)
at io.appium.java_client.AppiumDriver.<init>(AppiumDriver.java:94)
at io.appium.java_client.android.AndroidDriver.<init>(AndroidDriver.java:80)
at com.library.Common.setUp(Common.java:59)
at com.testscripts.TestCases.openApp(TestCases.java:30)
at sun.reflect.NativeMethodAccessorImpl.invoke0(Native Method)
at sun.reflect.NativeMethodAccessorImpl.invoke(NativeMethodAccessorImpl.java:62)
at sun.reflect.DelegatingMethodAccessorImpl.invoke(DelegatingMethodAccessorImpl.java:43)
at java.lang.reflect.Method.invoke(Method.java:498)
at org.testng.internal.MethodInvocationHelper.invokeMethod(MethodInvocationHelper.java:124)
at org.testng.internal.MethodInvocationHelper.invokeMethodConsideringTimeout(MethodInvocationHelper.java:59)
at org.testng.internal.Invoker.invokeConfigurationMethod(Invoker.java:455)
at org.testng.internal.Invoker.invokeConfigurations(Invoker.java:222)
at org.testng.internal.Invoker.invokeConfigurations(Invoker.java:142)
at org.testng.SuiteRunner.privateRun(SuiteRunner.java:401)
at org.testng.SuiteRunner.run(SuiteRunner.java:364)
at org.testng.SuiteRunnerWorker.runSuite(SuiteRunnerWorker.java:52)
at org.testng.SuiteRunnerWorker.run(SuiteRunnerWorker.java:84)
at org.testng.TestNG.runSuitesSequentially(TestNG.java:1208)
at org.testng.TestNG.runSuitesLocally(TestNG.java:1137)
at org.testng.TestNG.runSuites(TestNG.java:1049)
at org.testng.TestNG.run(TestNG.java:1017)
at org.testng.remote.AbstractRemoteTestNG.run(AbstractRemoteTestNG.java:114)
at org.testng.remote.RemoteTestNG.initAndRun(RemoteTestNG.java:251)
at org.testng.remote.RemoteTestNG.main(RemoteTestNG.java:77)
Caused by: java.net.ConnectException: Connection refused: connect
at java.net.DualStackPlainSocketImpl.waitForConnect(Native Method)
at java.net.DualStackPlainSocketImpl.socketConnect(DualStackPlainSocketImpl.java:85)
at java.net.AbstractPlainSocketImpl.doConnect(AbstractPlainSocketImpl.java:350)
at java.net.AbstractPlainSocketImpl.connectToAddress(AbstractPlainSocketImpl.java:206)
at java.net.AbstractPlainSocketImpl.connect(AbstractPlainSocketImpl.java:188)
at java.net.PlainSocketImpl.connect(PlainSocketImpl.java:172)
at java.net.SocksSocketImpl.connect(SocksSocketImpl.java:392)
at java.net.Socket.connect(Socket.java:589)
at okhttp3.internal.platform.Platform.connectSocket(Platform.java:125)
at okhttp3.internal.connection.RealConnection.connectSocket(RealConnection.java:238)
at okhttp3.internal.connection.RealConnection.connect(RealConnection.java:158)
at okhttp3.internal.connection.StreamAllocation.findConnection(StreamAllocation.java:256)
at okhttp3.internal.connection.StreamAllocation.findHealthyConnection(StreamAllocation.java:134)
at okhttp3.internal.connection.StreamAllocation.newStream(StreamAllocation.java:113)
at okhttp3.internal.connection.ConnectInterceptor.intercept(ConnectInterceptor.java:42)
at okhttp3.internal.http.RealInterceptorChain.proceed(RealInterceptorChain.java:147)
at okhttp3.internal.http.RealInterceptorChain.proceed(RealInterceptorChain.java:121)
at okhttp3.internal.cache.CacheInterceptor.intercept(CacheInterceptor.java:93)
at okhttp3.internal.http.RealInterceptorChain.proceed(RealInterceptorChain.java:147)
at okhttp3.internal.http.RealInterceptorChain.proceed(RealInterceptorChain.java:121)
at okhttp3.internal.http.BridgeInterceptor.intercept(BridgeInterceptor.java:93)
at okhttp3.internal.http.RealInterceptorChain.proceed(RealInterceptorChain.java:147)
at okhttp3.internal.http.RetryAndFollowUpInterceptor.intercept(RetryAndFollowUpInterceptor.java:125)
at okhttp3.internal.http.RealInterceptorChain.proceed(RealInterceptorChain.java:147)
at okhttp3.internal.http.RealInterceptorChain.proceed(RealInterceptorChain.java:121)
at okhttp3.RealCall.getResponseWithInterceptorChain(RealCall.java:200)
at okhttp3.RealCall.execute(RealCall.java:77)
at org.openqa.selenium.remote.internal.OkHttpClient.execute(OkHttpClient.java:101)
at org.openqa.selenium.remote.ProtocolHandshake.createSession(ProtocolHandshake.java:101)
at org.openqa.selenium.remote.ProtocolHandshake.createSession(ProtocolHandshake.java:73)
at org.openqa.selenium.remote.HttpCommandExecutor.execute(HttpCommandExecutor.java:136)
at io.appium.java_client.remote.AppiumCommandExecutor.execute(AppiumCommandExecutor.java:129)
... 32 more
]]>
    </failure>
  </testcase> <!-- @BeforeSuite openApp -->
  <testcase name="ErrHandlingbillPaymentaddPayee" time="0.0" classname="com.testscripts.TestCases">
    <skipped/>
  </testcase> <!-- ErrHandlingbillPaymentaddPayee -->
  <testcase name="Payments" time="0.0" classname="com.testscripts.TestCases">
    <skipped/>
  </testcase> <!-- Payments -->
  <testcase name="addBeneficiaryBusiness" time="0.0" classname="com.testscripts.TestCases">
    <skipped/>
  </testcase> <!-- addBeneficiaryBusiness -->
  <testcase name="addBeneficiaryPersonal" time="0.0" classname="com.testscripts.TestCases">
    <skipped/>
  </testcase> <!-- addBeneficiaryPersonal -->
  <testcase name="addBeneficiaryUsingOtpCancel" time="0.0" classname="com.testscripts.TestCases">
    <skipped/>
  </testcase> <!-- addBeneficiaryUsingOtpCancel -->
  <testcase name="addBeneficiaryWithOTP" time="0.0" classname="com.testscripts.TestCases">
    <skipped/>
  </testcase> <!-- addBeneficiaryWithOTP -->
  <testcase name="animation" time="0.0" classname="com.testscripts.TestCases">
    <skipped/>
  </testcase> <!-- animation -->
  <testcase name="backButtons" time="0.0" classname="com.testscripts.TestCases">
    <skipped/>
  </testcase> <!-- backButtons -->
  <testcase name="billPaymentFromChequingSummaryPageErmsg" time="0.0" classname="com.testscripts.TestCases">
    <skipped/>
  </testcase> <!-- billPaymentFromChequingSummaryPageErmsg -->
  <testcase name="billPaymentFromChequingsListPage" time="0.0" classname="com.testscripts.TestCases">
    <skipped/>
  </testcase> <!-- billPaymentFromChequingsListPage -->
  <testcase name="billPaymentFromChequingsSummaryPage" time="0.0" classname="com.testscripts.TestCases">
    <skipped/>
  </testcase> <!-- billPaymentFromChequingsSummaryPage -->
  <testcase name="billPaymentFromSavingsListPage" time="0.0" classname="com.testscripts.TestCases">
    <skipped/>
  </testcase> <!-- billPaymentFromSavingsListPage -->
  <testcase name="billPaymentFromSavingsSummaryPage" time="0.0" classname="com.testscripts.TestCases">
    <skipped/>
  </testcase> <!-- billPaymentFromSavingsSummaryPage -->
  <testcase name="billPaymentFromSavingsSummaryPageErmsg" time="0.0" classname="com.testscripts.TestCases">
    <skipped/>
  </testcase> <!-- billPaymentFromSavingsSummaryPageErmsg -->
  <testcase name="billPaymentaddPayee" time="0.0" classname="com.testscripts.TestCases">
    <skipped/>
  </testcase> <!-- billPaymentaddPayee -->
  <testcase name="billPaymentaddPayeeCancel" time="0.0" classname="com.testscripts.TestCases">
    <skipped/>
  </testcase> <!-- billPaymentaddPayeeCancel -->
  <testcase name="creditCardRestrictedPayee" time="0.0" classname="com.testscripts.TestCases">
    <skipped/>
  </testcase> <!-- creditCardRestrictedPayee -->
  <testcase name="creditCarddetails" time="0.0" classname="com.testscripts.TestCases">
    <skipped/>
  </testcase> <!-- creditCarddetails -->
  <testcase name="creditCardonHome" time="0.0" classname="com.testscripts.TestCases">
    <skipped/>
  </testcase> <!-- creditCardonHome -->
  <testcase name="dailyLmtExceedmsgMetoMetransferChequing" time="0.0" classname="com.testscripts.TestCases">
    <skipped/>
  </testcase> <!-- dailyLmtExceedmsgMetoMetransferChequing -->
  <testcase name="dailyLmtExceedmsgMetoMetransferSavings" time="0.0" classname="com.testscripts.TestCases">
    <skipped/>
  </testcase> <!-- dailyLmtExceedmsgMetoMetransferSavings -->
  <testcase name="endToEndMeToMeTransfer" time="0.0" classname="com.testscripts.TestCases">
    <skipped/>
  </testcase> <!-- endToEndMeToMeTransfer -->
  <testcase name="endToEndMeToYouTransfer" time="0.0" classname="com.testscripts.TestCases">
    <skipped/>
  </testcase> <!-- endToEndMeToYouTransfer -->
  <testcase name="errorHandlingMeToMeBalanceAndExceed" time="0.0" classname="com.testscripts.TestCases">
    <skipped/>
  </testcase> <!-- errorHandlingMeToMeBalanceAndExceed -->
  <testcase name="errorHandlingMeToMeOopsMessage" time="0.0" classname="com.testscripts.TestCases">
    <skipped/>
  </testcase> <!-- errorHandlingMeToMeOopsMessage -->
  <testcase name="errorHandlingMeToMeRestriction" time="0.0" classname="com.testscripts.TestCases">
    <skipped/>
  </testcase> <!-- errorHandlingMeToMeRestriction -->
  <testcase name="errorHandlingMeToYouBalanceAndExceed" time="0.0" classname="com.testscripts.TestCases">
    <skipped/>
  </testcase> <!-- errorHandlingMeToYouBalanceAndExceed -->
  <testcase name="errorHandlingMeToYouOopsMessage" time="0.0" classname="com.testscripts.TestCases">
    <skipped/>
  </testcase> <!-- errorHandlingMeToYouOopsMessage -->
  <testcase name="errorHandlingMeToYouRestriction" time="0.0" classname="com.testscripts.TestCases">
    <skipped/>
  </testcase> <!-- errorHandlingMeToYouRestriction -->
  <testcase name="feedBackButton" time="0.0" classname="com.testscripts.TestCases">
    <skipped/>
  </testcase> <!-- feedBackButton -->
  <testcase name="logOutButton" time="0.0" classname="com.testscripts.TestCases">
    <skipped/>
  </testcase> <!-- logOutButton -->
  <testcase name="loginWithEmptyData" time="0.0" classname="com.testscripts.TestCases">
    <skipped/>
  </testcase> <!-- loginWithEmptyData -->
  <testcase name="loginWithValidTestData" time="0.0" classname="com.testscripts.TestCases">
    <skipped/>
  </testcase> <!-- loginWithValidTestData -->
  <testcase name="loginWithoutRSA" time="0.0" classname="com.testscripts.TestCases">
    <skipped/>
  </testcase> <!-- loginWithoutRSA -->
  <testcase name="loginWithoutRSAgettoken" time="0.0" classname="com.testscripts.TestCases">
    <skipped/>
  </testcase> <!-- loginWithoutRSAgettoken -->
  <testcase name="meToMeTransferFromChequingsListPage" time="0.0" classname="com.testscripts.TestCases">
    <skipped/>
  </testcase> <!-- meToMeTransferFromChequingsListPage -->
  <testcase name="meToMeTransferFromChequingsSummaryPage" time="0.0" classname="com.testscripts.TestCases">
    <skipped/>
  </testcase> <!-- meToMeTransferFromChequingsSummaryPage -->
  <testcase name="meToMeTransferFromSavingsListPage" time="0.0" classname="com.testscripts.TestCases">
    <skipped/>
  </testcase> <!-- meToMeTransferFromSavingsListPage -->
  <testcase name="meToMeTransferFromSavingsSummaryPage" time="0.0" classname="com.testscripts.TestCases">
    <skipped/>
  </testcase> <!-- meToMeTransferFromSavingsSummaryPage -->
  <testcase name="meToYouTransfer" time="0.0" classname="com.testscripts.TestCases">
    <skipped/>
  </testcase> <!-- meToYouTransfer -->
  <testcase name="meToyouErrChequing" time="0.0" classname="com.testscripts.TestCases">
    <skipped/>
  </testcase> <!-- meToyouErrChequing -->
  <testcase name="meToyouErrSavings" time="0.0" classname="com.testscripts.TestCases">
    <skipped/>
  </testcase> <!-- meToyouErrSavings -->
  <testcase name="noBillPayee" time="0.0" classname="com.testscripts.TestCases">
    <skipped/>
  </testcase> <!-- noBillPayee -->
  <testcase name="payBillsCreditCard" time="0.0" classname="com.testscripts.TestCases">
    <skipped/>
  </testcase> <!-- payBillsCreditCard -->
  <testcase name="payBillsCreditCardCancelModal" time="0.0" classname="com.testscripts.TestCases">
    <skipped/>
  </testcase> <!-- payBillsCreditCardCancelModal -->
  <testcase name="showFiftyTransaction" time="0.0" classname="com.testscripts.TestCases">
    <skipped/>
  </testcase> <!-- showFiftyTransaction -->
  <testcase name="termsAndConditions" time="0.0" classname="com.testscripts.TestCases">
    <skipped/>
  </testcase> <!-- termsAndConditions -->
  <testcase name="transfers" time="0.0" classname="com.testscripts.TestCases">
    <skipped/>
  </testcase> <!-- transfers -->
  <testcase name="verifyHomepageAllAccounts" time="0.0" classname="com.testscripts.TestCases">
    <skipped/>
  </testcase> <!-- verifyHomepageAllAccounts -->
  <testcase name="verifyHomepageOneAccount" time="0.0" classname="com.testscripts.TestCases">
    <skipped/>
  </testcase> <!-- verifyHomepageOneAccount -->
  <testcase name="verifyTransferLimitsMetoMe" time="0.0" classname="com.testscripts.TestCases">
    <skipped/>
  </testcase> <!-- verifyTransferLimitsMetoMe -->
  <testcase name="verifyTransferLimitsMetoYou" time="0.0" classname="com.testscripts.TestCases">
    <skipped/>
  </testcase> <!-- verifyTransferLimitsMetoYou -->
  <testcase name="withLoanBalanceDetails" time="0.0" classname="com.testscripts.TestCases">
    <skipped/>
  </testcase> <!-- withLoanBalanceDetails -->
  <testcase name="withSavingsBalanceDetails" time="0.0" classname="com.testscripts.TestCases">
    <skipped/>
  </testcase> <!-- withSavingsBalanceDetails -->
  <testcase name="zeroLoanBalanceDetails" time="0.0" classname="com.testscripts.TestCases">
    <skipped/>
  </testcase> <!-- zeroLoanBalanceDetails -->
</testsuite> <!-- Default test -->
